#
# There is insufficient memory for the Java Runtime Environment to continue.
# Native memory allocation (mmap) failed to map 503316480 bytes. Error detail: G1 virtual space
# Possible reasons:
#   The system is out of physical RAM or swap space
#   This process is running with CompressedOops enabled, and the Java Heap may be blocking the growth of the native heap
# Possible solutions:
#   Reduce memory load on the system
#   Increase physical memory or swap space
#   Check if swap backing store is full
#   Decrease Java heap size (-Xmx/-Xms)
#   Decrease number of Java threads
#   Decrease Java thread stack sizes (-Xss)
#   Set larger code cache with -XX:ReservedCodeCacheSize=
#   JVM is running with Zero Based Compressed Oops mode in which the Java heap is
#     placed in the first 32GB address space. The Java Heap base address is the
#     maximum limit for the native heap growth. Please use -XX:HeapBaseMinAddress
#     to set the Java Heap base and to place the Java Heap above 32GB virtual address.
# This output file may be truncated or incomplete.
#
#  Out of Memory Error (os_windows.cpp:3616), pid=41456, tid=28612
#
# JRE version: OpenJDK Runtime Environment Temurin-21.0.5+11 (21.0.5+11) (build 21.0.5+11-LTS)
# Java VM: OpenJDK 64-Bit Server VM Temurin-21.0.5+11 (21.0.5+11-LTS, mixed mode, sharing, tiered, compressed oops, compressed class ptrs, g1 gc, windows-amd64)
# No core dump will be written. Minidumps are not enabled by default on client versions of Windows
#

---------------  S U M M A R Y ------------

Command Line: --add-opens=java.base/java.lang=ALL-UNNAMED --add-opens=java.base/java.lang.invoke=ALL-UNNAMED --add-opens=java.base/java.util=ALL-UNNAMED --add-opens=java.prefs/java.util.prefs=ALL-UNNAMED --add-exports=jdk.compiler/com.sun.tools.javac.api=ALL-UNNAMED --add-exports=jdk.compiler/com.sun.tools.javac.util=ALL-UNNAMED --add-opens=java.base/java.util=ALL-UNNAMED --add-opens=java.prefs/java.util.prefs=ALL-UNNAMED --add-opens=java.base/java.nio.charset=ALL-UNNAMED --add-opens=java.base/java.net=ALL-UNNAMED --add-opens=java.base/java.util.concurrent.atomic=ALL-UNNAMED --add-opens=java.xml/javax.xml.namespace=ALL-UNNAMED -XX:MaxMetaspaceSize=4G -XX:ReservedCodeCacheSize=512m -XX:+HeapDumpOnOutOfMemoryError -Xmx8G -Dfile.encoding=UTF-8 -Duser.country=US -Duser.language=en -Duser.variant -javaagent:C:\Users\LENOVO\.gradle\wrapper\dists\gradle-8.12-all\ejduaidbjup3bmmkhw3rie4zb\gradle-8.12\lib\agents\gradle-instrumentation-agent-8.12.jar org.gradle.launcher.daemon.bootstrap.GradleDaemon 8.12

Host: 12th Gen Intel(R) Core(TM) i5-1235U, 12 cores, 7G,  Windows 11 , 64 bit Build 26100 (10.0.26100.6725)
Time: Tue Oct 28 03:18:04 2025 E. Africa Standard Time elapsed time: 745.084771 seconds (0d 0h 12m 25s)

---------------  T H R E A D  ---------------

Current thread (0x00000124ff09c010):  VMThread "VM Thread"          [id=28612, stack(0x0000001cad400000,0x0000001cad500000) (1024K)]

Stack: [0x0000001cad400000,0x0000001cad500000]
Native frames: (J=compiled Java code, j=interpreted, Vv=VM code, C=native code)
V  [jvm.dll+0x6cd4e9]
V  [jvm.dll+0x8a7941]
V  [jvm.dll+0x8a9e6e]
V  [jvm.dll+0x8aa543]
V  [jvm.dll+0x27f6d6]
V  [jvm.dll+0x6c9c25]
V  [jvm.dll+0x6be84a]
V  [jvm.dll+0x355c6a]
V  [jvm.dll+0x35d836]
V  [jvm.dll+0x3af40e]
V  [jvm.dll+0x3af6b8]
V  [jvm.dll+0x329dfc]
V  [jvm.dll+0x329e87]
V  [jvm.dll+0x36dc4c]
V  [jvm.dll+0x36c498]
V  [jvm.dll+0x3295c1]
V  [jvm.dll+0x36bb0a]
V  [jvm.dll+0x8b025f]
V  [jvm.dll+0x8b15e4]
V  [jvm.dll+0x8b1b20]
V  [jvm.dll+0x8b1dc3]
V  [jvm.dll+0x8514fb]
V  [jvm.dll+0x6cbbed]
C  [ucrtbase.dll+0x37b0]
C  [KERNEL32.DLL+0x2e8d7]
C  [ntdll.dll+0x8c53c]

VM_Operation (0x0000001cae9f4ea0): G1CollectForAllocation, mode: safepoint, requested by thread 0x00000124e7c080e0


---------------  P R O C E S S  ---------------

Threads class SMR info:
_java_thread_list=0x0000012504b29750, length=159, elements={
0x00000124e9e18f30, 0x00000124ff0b8210, 0x00000124ff0b9a80, 0x00000124ff0bb2f0,
0x00000124ff0be4f0, 0x00000124ff0bf070, 0x00000124ff0cb0e0, 0x00000124ff0cc340,
0x00000124ff0fa890, 0x00000124e7080820, 0x00000124e7293c30, 0x00000124e7ca0ab0,
0x00000124e7a99be0, 0x00000124e7ba9130, 0x00000124e7a8dfc0, 0x00000124e8882280,
0x00000124e7c09b20, 0x00000124e7c080e0, 0x00000124e7c0a1b0, 0x00000124e7c09490,
0x00000124e7c0a840, 0x00000124e7c0aed0, 0x00000124e7c0b560, 0x00000124e7c08770,
0x00000124e8b33d40, 0x00000124e8b32300, 0x00000124e8b336b0, 0x00000124e8b32990,
0x00000124e8b33020, 0x00000124e8b343d0, 0x00000124e8b34a60, 0x00000124e8b35780,
0x0000012500c70810, 0x0000012500c70ea0, 0x0000012500c71530, 0x0000012500c70180,
0x0000012500c71bc0, 0x0000012500c72250, 0x0000012500c6edd0, 0x0000012500c728e0,
0x0000012500c72f70, 0x0000012500c6faf0, 0x0000012500c75040, 0x0000012500c75d60,
0x0000012500c74320, 0x0000012500c756d0, 0x0000012500c749b0, 0x0000012500c763f0,
0x0000012500c73600, 0x0000012500c73c90, 0x0000012500897100, 0x000001250089ac10,
0x0000012500897e20, 0x00000125008984b0, 0x0000012500898b40, 0x00000125008991d0,
0x0000012500899860, 0x0000012500899ef0, 0x000001250089a580, 0x0000012500897790,
0x000001250089b2a0, 0x000001250089bfc0, 0x000001250089e720, 0x000001250089e090,
0x000001250089b930, 0x000001250089d370, 0x000001250089c650, 0x000001250089cce0,
0x000001250089da00, 0x000001250225a7d0, 0x00000125022579e0, 0x0000012502259ab0,
0x000001250225ae60, 0x000001250225a140, 0x000001250225b4f0, 0x0000012502259420,
0x0000012502258070, 0x0000012502258d90, 0x000001250225cf30, 0x000001250225dc50,
0x000001250225f000, 0x000001250225e2e0, 0x000001250225c8a0, 0x000001250225e970,
0x000001250225d5c0, 0x0000012504376940, 0x0000012504379730, 0x0000012504379dc0,
0x0000012504377cf0, 0x0000012504376fd0, 0x0000012504377660, 0x0000012504378380,
0x0000012504378a10, 0x00000125043790a0, 0x0000012502a86a60, 0x0000012502a85d40,
0x0000012502a863d0, 0x0000012502a856b0, 0x0000012502a884a0, 0x0000012502a870f0,
0x0000012502a88b30, 0x0000012502a87780, 0x0000012502a87e10, 0x00000125034cfd60,
0x00000125034ce320, 0x00000125034d0a80, 0x00000125034cf040, 0x00000125034cd600,
0x00000125034d03f0, 0x00000125034ce9b0, 0x00000125034d1110, 0x00000125034cf6d0,
0x00000125034cdc90, 0x00000125034d17a0, 0x00000125034d3f00, 0x00000125034d31e0,
0x00000125034d4590, 0x00000125034d4c20, 0x00000125034d24c0, 0x00000125034d1e30,
0x00000125034d2b50, 0x00000125034d3870, 0x00000125031a51b0, 0x00000125031a5840,
0x00000125031a5ed0, 0x00000125031a7fa0, 0x00000125031a99e0, 0x00000125031a6560,
0x00000125031a6bf0, 0x00000125031aa070, 0x00000125031a7910, 0x00000125031aa700,
0x00000125031a8630, 0x00000125031a7280, 0x00000125031ab420, 0x00000125031aad90,
0x00000125031abab0, 0x00000125031ac140, 0x00000125031a8cc0, 0x00000125031ac7d0,
0x00000125048174e0, 0x0000012504818f20, 0x0000012504817b70, 0x0000012504818890,
0x0000012504818200, 0x00000125048195b0, 0x0000012504816130, 0x0000012504819c40,
0x00000125048167c0, 0x000001250481a2d0, 0x0000012504816e50, 0x000001250481ca30,
0x000001250481a960, 0x000001250481bd10, 0x000001250481c3a0, 0x000001250481d0c0,
0x000001250481b680, 0x0000012501787980, 0x00000125052108e0
}

Java Threads: ( => current thread )
  0x00000124e9e18f30 JavaThread "main"                              [_thread_blocked, id=38524, stack(0x0000001cacd00000,0x0000001cace00000) (1024K)]
  0x00000124ff0b8210 JavaThread "Reference Handler"          daemon [_thread_blocked, id=41816, stack(0x0000001cad500000,0x0000001cad600000) (1024K)]
  0x00000124ff0b9a80 JavaThread "Finalizer"                  daemon [_thread_blocked, id=8816, stack(0x0000001cad600000,0x0000001cad700000) (1024K)]
  0x00000124ff0bb2f0 JavaThread "Signal Dispatcher"          daemon [_thread_blocked, id=32880, stack(0x0000001cad700000,0x0000001cad800000) (1024K)]
  0x00000124ff0be4f0 JavaThread "Attach Listener"            daemon [_thread_blocked, id=5788, stack(0x0000001cad800000,0x0000001cad900000) (1024K)]
  0x00000124ff0bf070 JavaThread "Service Thread"             daemon [_thread_blocked, id=23956, stack(0x0000001cad900000,0x0000001cada00000) (1024K)]
  0x00000124ff0cb0e0 JavaThread "Monitor Deflation Thread"   daemon [_thread_blocked, id=15768, stack(0x0000001cada00000,0x0000001cadb00000) (1024K)]
  0x00000124ff0cc340 JavaThread "C2 CompilerThread0"         daemon [_thread_blocked, id=38548, stack(0x0000001cadb00000,0x0000001cadc00000) (1024K)]
  0x00000124ff0fa890 JavaThread "C1 CompilerThread0"         daemon [_thread_blocked, id=30908, stack(0x0000001cadc00000,0x0000001cadd00000) (1024K)]
  0x00000124e7080820 JavaThread "Common-Cleaner"             daemon [_thread_blocked, id=40436, stack(0x0000001cadd00000,0x0000001cade00000) (1024K)]
  0x00000124e7293c30 JavaThread "Notification Thread"        daemon [_thread_blocked, id=41796, stack(0x0000001cade00000,0x0000001cadf00000) (1024K)]
  0x00000124e7ca0ab0 JavaThread "Daemon health stats"               [_thread_blocked, id=23316, stack(0x0000001cae300000,0x0000001cae400000) (1024K)]
  0x00000124e7a99be0 JavaThread "Incoming local TCP Connector on port 59969"        [_thread_in_native, id=30368, stack(0x0000001cae400000,0x0000001cae500000) (1024K)]
  0x00000124e7ba9130 JavaThread "Daemon periodic checks"            [_thread_blocked, id=37672, stack(0x0000001cae500000,0x0000001cae600000) (1024K)]
  0x00000124e7a8dfc0 JavaThread "Daemon"                            [_thread_blocked, id=33868, stack(0x0000001cae600000,0x0000001cae700000) (1024K)]
  0x00000124e8882280 JavaThread "Handler for socket connection from /127.0.0.1:59969 to /127.0.0.1:64518"        [_thread_in_native, id=34628, stack(0x0000001cae700000,0x0000001cae800000) (1024K)]
  0x00000124e7c09b20 JavaThread "Cancel handler"                    [_thread_blocked, id=32732, stack(0x0000001cae800000,0x0000001cae900000) (1024K)]
  0x00000124e7c080e0 JavaThread "Daemon worker"                     [_thread_blocked, id=21416, stack(0x0000001cae900000,0x0000001caea00000) (1024K)]
  0x00000124e7c0a1b0 JavaThread "Asynchronous log dispatcher for DefaultDaemonConnection: socket connection from /127.0.0.1:59969 to /127.0.0.1:64518"        [_thread_blocked, id=41436, stack(0x0000001caea00000,0x0000001caeb00000) (1024K)]
  0x00000124e7c09490 JavaThread "Stdin handler"                     [_thread_blocked, id=17892, stack(0x0000001caeb00000,0x0000001caec00000) (1024K)]
  0x00000124e7c0a840 JavaThread "Daemon client event forwarder"        [_thread_blocked, id=18096, stack(0x0000001caec00000,0x0000001caed00000) (1024K)]
  0x00000124e7c0aed0 JavaThread "Cache worker for journal cache (C:\Users\LENOVO\.gradle\caches\journal-1)"        [_thread_blocked, id=32584, stack(0x0000001caf200000,0x0000001caf300000) (1024K)]
  0x00000124e7c0b560 JavaThread "File lock request listener"        [_thread_in_native, id=21460, stack(0x0000001caf300000,0x0000001caf400000) (1024K)]
  0x00000124e7c08770 JavaThread "Cache worker for file hash cache (C:\Users\LENOVO\.gradle\caches\8.12\fileHashes)"        [_thread_blocked, id=37316, stack(0x0000001caca00000,0x0000001cacb00000) (1024K)]
  0x00000124e8b33d40 JavaThread "Cache worker for file hash cache (C:\Users\LENOVO\OneDrive\Desktop\new_summative\front-end_-_Backend_Implementation_Group-15\edu_bridge_01\android\.gradle\8.12\fileHashes)"        [_thread_blocked, id=31612, stack(0x0000001caf700000,0x0000001caf800000) (1024K)]
  0x00000124e8b32300 JavaThread "Cache worker for Build Output Cleanup Cache (C:\Users\LENOVO\OneDrive\Desktop\new_summative\front-end_-_Backend_Implementation_Group-15\edu_bridge_01\android\.gradle\buildOutputCleanup)"        [_thread_blocked, id=32924, stack(0x0000001caf800000,0x0000001caf900000) (1024K)]
  0x00000124e8b336b0 JavaThread "File watcher server"        daemon [_thread_in_native, id=32448, stack(0x0000001caf900000,0x0000001cafa00000) (1024K)]
  0x00000124e8b32990 JavaThread "File watcher consumer"      daemon [_thread_blocked, id=29520, stack(0x0000001cafa00000,0x0000001cafb00000) (1024K)]
  0x00000124e8b33020 JavaThread "jar transforms"                    [_thread_blocked, id=12952, stack(0x0000001cafb00000,0x0000001cafc00000) (1024K)]
  0x00000124e8b343d0 JavaThread "jar transforms Thread 2"           [_thread_blocked, id=33084, stack(0x0000001cafc00000,0x0000001cafd00000) (1024K)]
  0x00000124e8b34a60 JavaThread "jar transforms Thread 3"           [_thread_blocked, id=39920, stack(0x0000001cafd00000,0x0000001cafe00000) (1024K)]
  0x00000124e8b35780 JavaThread "jar transforms Thread 4"           [_thread_blocked, id=38368, stack(0x0000001cafe00000,0x0000001caff00000) (1024K)]
  0x0000012500c70810 JavaThread "jar transforms Thread 5"           [_thread_blocked, id=11880, stack(0x0000001caff00000,0x0000001cb0000000) (1024K)]
  0x0000012500c70ea0 JavaThread "Cache worker for checksums cache (C:\Users\LENOVO\OneDrive\Desktop\new_summative\front-end_-_Backend_Implementation_Group-15\edu_bridge_01\android\.gradle\8.12\checksums)"        [_thread_blocked, id=39460, stack(0x0000001cacb00000,0x0000001cacc00000) (1024K)]
  0x0000012500c71530 JavaThread "Cache worker for file content cache (C:\Users\LENOVO\.gradle\caches\8.12\fileContent)"        [_thread_blocked, id=8752, stack(0x0000001cacc00000,0x0000001cacd00000) (1024K)]
  0x0000012500c70180 JavaThread "jar transforms Thread 6"           [_thread_blocked, id=17052, stack(0x0000001cb0000000,0x0000001cb0100000) (1024K)]
  0x0000012500c71bc0 JavaThread "jar transforms Thread 7"           [_thread_blocked, id=38448, stack(0x0000001cb0100000,0x0000001cb0200000) (1024K)]
  0x0000012500c72250 JavaThread "jar transforms Thread 8"           [_thread_blocked, id=4368, stack(0x0000001cb0200000,0x0000001cb0300000) (1024K)]
  0x0000012500c6edd0 JavaThread "jar transforms Thread 9"           [_thread_blocked, id=31228, stack(0x0000001cb0300000,0x0000001cb0400000) (1024K)]
  0x0000012500c728e0 JavaThread "Cache worker for cache directory md-rule (C:\Users\LENOVO\.gradle\caches\8.12\md-rule)"        [_thread_blocked, id=37900, stack(0x0000001cb0400000,0x0000001cb0500000) (1024K)]
  0x0000012500c72f70 JavaThread "Cache worker for cache directory md-supplier (C:\Users\LENOVO\.gradle\caches\8.12\md-supplier)"        [_thread_blocked, id=4760, stack(0x0000001cb0500000,0x0000001cb0600000) (1024K)]
  0x0000012500c6faf0 JavaThread "Cache worker for Build Output Cleanup Cache (C:\dev\flutter\packages\flutter_tools\gradle\.gradle\buildOutputCleanup)"        [_thread_blocked, id=40876, stack(0x0000001cb0600000,0x0000001cb0700000) (1024K)]
  0x0000012500c75040 JavaThread "Unconstrained build operations"        [_thread_blocked, id=31880, stack(0x0000001cb0700000,0x0000001cb0800000) (1024K)]
  0x0000012500c75d60 JavaThread "Unconstrained build operations Thread 2"        [_thread_blocked, id=20140, stack(0x0000001cb0800000,0x0000001cb0900000) (1024K)]
  0x0000012500c74320 JavaThread "Unconstrained build operations Thread 3"        [_thread_blocked, id=37584, stack(0x0000001cb0900000,0x0000001cb0a00000) (1024K)]
  0x0000012500c756d0 JavaThread "Unconstrained build operations Thread 4"        [_thread_blocked, id=13660, stack(0x0000001cb0a00000,0x0000001cb0b00000) (1024K)]
  0x0000012500c749b0 JavaThread "Unconstrained build operations Thread 5"        [_thread_blocked, id=17464, stack(0x0000001cb0b00000,0x0000001cb0c00000) (1024K)]
  0x0000012500c763f0 JavaThread "Unconstrained build operations Thread 6"        [_thread_blocked, id=38684, stack(0x0000001cb0c00000,0x0000001cb0d00000) (1024K)]
  0x0000012500c73600 JavaThread "Unconstrained build operations Thread 7"        [_thread_blocked, id=41200, stack(0x0000001cb0d00000,0x0000001cb0e00000) (1024K)]
  0x0000012500c73c90 JavaThread "Unconstrained build operations Thread 8"        [_thread_blocked, id=37936, stack(0x0000001cb0e00000,0x0000001cb0f00000) (1024K)]
  0x0000012500897100 JavaThread "Unconstrained build operations Thread 9"        [_thread_blocked, id=30076, stack(0x0000001cb0f00000,0x0000001cb1000000) (1024K)]
  0x000001250089ac10 JavaThread "Unconstrained build operations Thread 10"        [_thread_blocked, id=40024, stack(0x0000001cb1000000,0x0000001cb1100000) (1024K)]
  0x0000012500897e20 JavaThread "Unconstrained build operations Thread 11"        [_thread_blocked, id=20552, stack(0x0000001cb1100000,0x0000001cb1200000) (1024K)]
  0x00000125008984b0 JavaThread "Unconstrained build operations Thread 12"        [_thread_blocked, id=38624, stack(0x0000001cb1200000,0x0000001cb1300000) (1024K)]
  0x0000012500898b40 JavaThread "Unconstrained build operations Thread 13"        [_thread_blocked, id=37532, stack(0x0000001cb1300000,0x0000001cb1400000) (1024K)]
  0x00000125008991d0 JavaThread "Unconstrained build operations Thread 14"        [_thread_blocked, id=40908, stack(0x0000001cb1400000,0x0000001cb1500000) (1024K)]
  0x0000012500899860 JavaThread "Unconstrained build operations Thread 15"        [_thread_blocked, id=37088, stack(0x0000001cb1500000,0x0000001cb1600000) (1024K)]
  0x0000012500899ef0 JavaThread "Unconstrained build operations Thread 16"        [_thread_blocked, id=28116, stack(0x0000001cb1600000,0x0000001cb1700000) (1024K)]
  0x000001250089a580 JavaThread "Unconstrained build operations Thread 17"        [_thread_blocked, id=33572, stack(0x0000001cb1700000,0x0000001cb1800000) (1024K)]
  0x0000012500897790 JavaThread "Unconstrained build operations Thread 18"        [_thread_blocked, id=34740, stack(0x0000001cb1800000,0x0000001cb1900000) (1024K)]
  0x000001250089b2a0 JavaThread "Unconstrained build operations Thread 19"        [_thread_blocked, id=22228, stack(0x0000001cb1900000,0x0000001cb1a00000) (1024K)]
  0x000001250089bfc0 JavaThread "Unconstrained build operations Thread 20"        [_thread_blocked, id=528, stack(0x0000001cb1a00000,0x0000001cb1b00000) (1024K)]
  0x000001250089e720 JavaThread "Unconstrained build operations Thread 21"        [_thread_blocked, id=11492, stack(0x0000001cb1b00000,0x0000001cb1c00000) (1024K)]
  0x000001250089e090 JavaThread "Unconstrained build operations Thread 22"        [_thread_blocked, id=39412, stack(0x0000001cb1c00000,0x0000001cb1d00000) (1024K)]
  0x000001250089b930 JavaThread "Unconstrained build operations Thread 23"        [_thread_blocked, id=9440, stack(0x0000001cb1d00000,0x0000001cb1e00000) (1024K)]
  0x000001250089d370 JavaThread "Unconstrained build operations Thread 24"        [_thread_blocked, id=5568, stack(0x0000001cb1e00000,0x0000001cb1f00000) (1024K)]
  0x000001250089c650 JavaThread "Unconstrained build operations Thread 25"        [_thread_blocked, id=12356, stack(0x0000001cb1f00000,0x0000001cb2000000) (1024K)]
  0x000001250089cce0 JavaThread "Unconstrained build operations Thread 26"        [_thread_blocked, id=38852, stack(0x0000001cb2000000,0x0000001cb2100000) (1024K)]
  0x000001250089da00 JavaThread "Unconstrained build operations Thread 27"        [_thread_blocked, id=39956, stack(0x0000001cb2100000,0x0000001cb2200000) (1024K)]
  0x000001250225a7d0 JavaThread "Unconstrained build operations Thread 28"        [_thread_blocked, id=37012, stack(0x0000001cb2200000,0x0000001cb2300000) (1024K)]
  0x00000125022579e0 JavaThread "Unconstrained build operations Thread 29"        [_thread_blocked, id=35656, stack(0x0000001cb2300000,0x0000001cb2400000) (1024K)]
  0x0000012502259ab0 JavaThread "Unconstrained build operations Thread 30"        [_thread_blocked, id=40440, stack(0x0000001cb2400000,0x0000001cb2500000) (1024K)]
  0x000001250225ae60 JavaThread "Unconstrained build operations Thread 31"        [_thread_blocked, id=40520, stack(0x0000001cb2500000,0x0000001cb2600000) (1024K)]
  0x000001250225a140 JavaThread "Unconstrained build operations Thread 32"        [_thread_blocked, id=39600, stack(0x0000001cb2600000,0x0000001cb2700000) (1024K)]
  0x000001250225b4f0 JavaThread "Unconstrained build operations Thread 33"        [_thread_blocked, id=14048, stack(0x0000001cb2700000,0x0000001cb2800000) (1024K)]
  0x0000012502259420 JavaThread "Memory manager"                    [_thread_blocked, id=36336, stack(0x0000001cb2800000,0x0000001cb2900000) (1024K)]
  0x0000012502258070 JavaThread "build event listener"              [_thread_blocked, id=36776, stack(0x0000001cb2900000,0x0000001cb2a00000) (1024K)]
  0x0000012502258d90 JavaThread "Execution worker"                  [_thread_blocked, id=30848, stack(0x0000001cb2c00000,0x0000001cb2d00000) (1024K)]
  0x000001250225cf30 JavaThread "Execution worker Thread 2"         [_thread_blocked, id=2956, stack(0x0000001cb2d00000,0x0000001cb2e00000) (1024K)]
  0x000001250225dc50 JavaThread "Execution worker Thread 3"         [_thread_blocked, id=28488, stack(0x0000001cb2e00000,0x0000001cb2f00000) (1024K)]
  0x000001250225f000 JavaThread "Execution worker Thread 4"         [_thread_blocked, id=40972, stack(0x0000001cb2f00000,0x0000001cb3000000) (1024K)]
  0x000001250225e2e0 JavaThread "Execution worker Thread 5"         [_thread_blocked, id=10716, stack(0x0000001cb3000000,0x0000001cb3100000) (1024K)]
  0x000001250225c8a0 JavaThread "Execution worker Thread 6"         [_thread_blocked, id=26448, stack(0x0000001cb3100000,0x0000001cb3200000) (1024K)]
  0x000001250225e970 JavaThread "Execution worker Thread 7"         [_thread_blocked, id=41948, stack(0x0000001cb3200000,0x0000001cb3300000) (1024K)]
  0x000001250225d5c0 JavaThread "Execution worker Thread 8"         [_thread_blocked, id=33284, stack(0x0000001cb3300000,0x0000001cb3400000) (1024K)]
  0x0000012504376940 JavaThread "Execution worker Thread 9"         [_thread_blocked, id=12472, stack(0x0000001cb3400000,0x0000001cb3500000) (1024K)]
  0x0000012504379730 JavaThread "Execution worker Thread 10"        [_thread_blocked, id=9396, stack(0x0000001cb3500000,0x0000001cb3600000) (1024K)]
  0x0000012504379dc0 JavaThread "Execution worker Thread 11"        [_thread_blocked, id=25160, stack(0x0000001cb3600000,0x0000001cb3700000) (1024K)]
  0x0000012504377cf0 JavaThread "Cache worker for execution history cache (C:\dev\flutter\packages\flutter_tools\gradle\.gradle\8.12\executionHistory)"        [_thread_blocked, id=28072, stack(0x0000001cb3700000,0x0000001cb3800000) (1024K)]
  0x0000012504376fd0 JavaThread "Unconstrained build operations Thread 34"        [_thread_blocked, id=38392, stack(0x0000001cb3800000,0x0000001cb3900000) (1024K)]
  0x0000012504377660 JavaThread "Unconstrained build operations Thread 35"        [_thread_blocked, id=33416, stack(0x0000001cb3900000,0x0000001cb3a00000) (1024K)]
  0x0000012504378380 JavaThread "Unconstrained build operations Thread 36"        [_thread_blocked, id=35176, stack(0x0000001cb3a00000,0x0000001cb3b00000) (1024K)]
  0x0000012504378a10 JavaThread "Unconstrained build operations Thread 37"        [_thread_blocked, id=40120, stack(0x0000001cb3b00000,0x0000001cb3c00000) (1024K)]
  0x00000125043790a0 JavaThread "Unconstrained build operations Thread 38"        [_thread_blocked, id=37780, stack(0x0000001cb3c00000,0x0000001cb3d00000) (1024K)]
  0x0000012502a86a60 JavaThread "Unconstrained build operations Thread 39"        [_thread_blocked, id=20196, stack(0x0000001cb3d00000,0x0000001cb3e00000) (1024K)]
  0x0000012502a85d40 JavaThread "Unconstrained build operations Thread 40"        [_thread_blocked, id=40328, stack(0x0000001cb3e00000,0x0000001cb3f00000) (1024K)]
  0x0000012502a863d0 JavaThread "Unconstrained build operations Thread 41"        [_thread_blocked, id=1668, stack(0x0000001cb3f00000,0x0000001cb4000000) (1024K)]
  0x0000012502a856b0 JavaThread "Unconstrained build operations Thread 42"        [_thread_blocked, id=41448, stack(0x0000001cb4000000,0x0000001cb4100000) (1024K)]
  0x0000012502a884a0 JavaThread "Unconstrained build operations Thread 43"        [_thread_blocked, id=35572, stack(0x0000001cb4100000,0x0000001cb4200000) (1024K)]
  0x0000012502a870f0 JavaThread "Unconstrained build operations Thread 44"        [_thread_blocked, id=27676, stack(0x0000001cb4200000,0x0000001cb4300000) (1024K)]
  0x0000012502a88b30 JavaThread "Unconstrained build operations Thread 45"        [_thread_blocked, id=41924, stack(0x0000001cb4300000,0x0000001cb4400000) (1024K)]
  0x0000012502a87780 JavaThread "Unconstrained build operations Thread 46"        [_thread_blocked, id=31400, stack(0x0000001cb4400000,0x0000001cb4500000) (1024K)]
  0x0000012502a87e10 JavaThread "Unconstrained build operations Thread 47"        [_thread_blocked, id=37284, stack(0x0000001cb4500000,0x0000001cb4600000) (1024K)]
  0x00000125034cfd60 JavaThread "Unconstrained build operations Thread 48"        [_thread_blocked, id=26000, stack(0x0000001cb4600000,0x0000001cb4700000) (1024K)]
  0x00000125034ce320 JavaThread "Unconstrained build operations Thread 49"        [_thread_blocked, id=29720, stack(0x0000001cb4700000,0x0000001cb4800000) (1024K)]
  0x00000125034d0a80 JavaThread "Unconstrained build operations Thread 50"        [_thread_blocked, id=24644, stack(0x0000001cb4800000,0x0000001cb4900000) (1024K)]
  0x00000125034cf040 JavaThread "Unconstrained build operations Thread 51"        [_thread_blocked, id=15908, stack(0x0000001cb4900000,0x0000001cb4a00000) (1024K)]
  0x00000125034cd600 JavaThread "Unconstrained build operations Thread 52"        [_thread_blocked, id=36672, stack(0x0000001cb4a00000,0x0000001cb4b00000) (1024K)]
  0x00000125034d03f0 JavaThread "Unconstrained build operations Thread 53"        [_thread_blocked, id=13700, stack(0x0000001cb4b00000,0x0000001cb4c00000) (1024K)]
  0x00000125034ce9b0 JavaThread "Unconstrained build operations Thread 54"        [_thread_blocked, id=24384, stack(0x0000001cb4c00000,0x0000001cb4d00000) (1024K)]
  0x00000125034d1110 JavaThread "Unconstrained build operations Thread 55"        [_thread_blocked, id=38616, stack(0x0000001cb4d00000,0x0000001cb4e00000) (1024K)]
  0x00000125034cf6d0 JavaThread "Unconstrained build operations Thread 56"        [_thread_blocked, id=38088, stack(0x0000001cb4e00000,0x0000001cb4f00000) (1024K)]
  0x00000125034cdc90 JavaThread "Unconstrained build operations Thread 57"        [_thread_blocked, id=26280, stack(0x0000001cb4f00000,0x0000001cb5000000) (1024K)]
  0x00000125034d17a0 JavaThread "Unconstrained build operations Thread 58"        [_thread_blocked, id=19916, stack(0x0000001cb5000000,0x0000001cb5100000) (1024K)]
  0x00000125034d3f00 JavaThread "Unconstrained build operations Thread 59"        [_thread_blocked, id=17972, stack(0x0000001cb5100000,0x0000001cb5200000) (1024K)]
  0x00000125034d31e0 JavaThread "Unconstrained build operations Thread 60"        [_thread_blocked, id=22088, stack(0x0000001cb5200000,0x0000001cb5300000) (1024K)]
  0x00000125034d4590 JavaThread "Unconstrained build operations Thread 61"        [_thread_blocked, id=18360, stack(0x0000001cb5300000,0x0000001cb5400000) (1024K)]
  0x00000125034d4c20 JavaThread "Unconstrained build operations Thread 62"        [_thread_blocked, id=34620, stack(0x0000001cb5400000,0x0000001cb5500000) (1024K)]
  0x00000125034d24c0 JavaThread "Unconstrained build operations Thread 63"        [_thread_blocked, id=13080, stack(0x0000001cb5500000,0x0000001cb5600000) (1024K)]
  0x00000125034d1e30 JavaThread "Unconstrained build operations Thread 64"        [_thread_blocked, id=13580, stack(0x0000001cb5600000,0x0000001cb5700000) (1024K)]
  0x00000125034d2b50 JavaThread "Unconstrained build operations Thread 65"        [_thread_blocked, id=37488, stack(0x0000001cb5700000,0x0000001cb5800000) (1024K)]
  0x00000125034d3870 JavaThread "Unconstrained build operations Thread 66"        [_thread_blocked, id=37436, stack(0x0000001cb5800000,0x0000001cb5900000) (1024K)]
  0x00000125031a51b0 JavaThread "Unconstrained build operations Thread 67"        [_thread_blocked, id=39352, stack(0x0000001cb5900000,0x0000001cb5a00000) (1024K)]
  0x00000125031a5840 JavaThread "Unconstrained build operations Thread 68"        [_thread_blocked, id=40300, stack(0x0000001cb5a00000,0x0000001cb5b00000) (1024K)]
  0x00000125031a5ed0 JavaThread "Unconstrained build operations Thread 69"        [_thread_blocked, id=39356, stack(0x0000001cb5b00000,0x0000001cb5c00000) (1024K)]
  0x00000125031a7fa0 JavaThread "Unconstrained build operations Thread 70"        [_thread_blocked, id=22456, stack(0x0000001cb5c00000,0x0000001cb5d00000) (1024K)]
  0x00000125031a99e0 JavaThread "Unconstrained build operations Thread 71"        [_thread_blocked, id=26776, stack(0x0000001cb5d00000,0x0000001cb5e00000) (1024K)]
  0x00000125031a6560 JavaThread "Unconstrained build operations Thread 72"        [_thread_blocked, id=32628, stack(0x0000001cb5e00000,0x0000001cb5f00000) (1024K)]
  0x00000125031a6bf0 JavaThread "Unconstrained build operations Thread 73"        [_thread_blocked, id=10620, stack(0x0000001cb5f00000,0x0000001cb6000000) (1024K)]
  0x00000125031aa070 JavaThread "Unconstrained build operations Thread 74"        [_thread_blocked, id=39584, stack(0x0000001cb6000000,0x0000001cb6100000) (1024K)]
  0x00000125031a7910 JavaThread "Unconstrained build operations Thread 75"        [_thread_blocked, id=36060, stack(0x0000001cb6100000,0x0000001cb6200000) (1024K)]
  0x00000125031aa700 JavaThread "Unconstrained build operations Thread 76"        [_thread_blocked, id=35752, stack(0x0000001cb6200000,0x0000001cb6300000) (1024K)]
  0x00000125031a8630 JavaThread "Unconstrained build operations Thread 77"        [_thread_blocked, id=28516, stack(0x0000001cb6300000,0x0000001cb6400000) (1024K)]
  0x00000125031a7280 JavaThread "Unconstrained build operations Thread 78"        [_thread_blocked, id=23020, stack(0x0000001cb6400000,0x0000001cb6500000) (1024K)]
  0x00000125031ab420 JavaThread "Unconstrained build operations Thread 79"        [_thread_blocked, id=13132, stack(0x0000001cb6500000,0x0000001cb6600000) (1024K)]
  0x00000125031aad90 JavaThread "Unconstrained build operations Thread 80"        [_thread_blocked, id=38196, stack(0x0000001cb6600000,0x0000001cb6700000) (1024K)]
  0x00000125031abab0 JavaThread "Unconstrained build operations Thread 81"        [_thread_blocked, id=23040, stack(0x0000001cb6700000,0x0000001cb6800000) (1024K)]
  0x00000125031ac140 JavaThread "Unconstrained build operations Thread 82"        [_thread_blocked, id=26104, stack(0x0000001cb6800000,0x0000001cb6900000) (1024K)]
  0x00000125031a8cc0 JavaThread "Unconstrained build operations Thread 83"        [_thread_blocked, id=39656, stack(0x0000001cb6900000,0x0000001cb6a00000) (1024K)]
  0x00000125031ac7d0 JavaThread "Unconstrained build operations Thread 84"        [_thread_blocked, id=40356, stack(0x0000001cb6a00000,0x0000001cb6b00000) (1024K)]
  0x00000125048174e0 JavaThread "Unconstrained build operations Thread 85"        [_thread_blocked, id=40820, stack(0x0000001cb6b00000,0x0000001cb6c00000) (1024K)]
  0x0000012504818f20 JavaThread "Unconstrained build operations Thread 86"        [_thread_blocked, id=1872, stack(0x0000001cb6c00000,0x0000001cb6d00000) (1024K)]
  0x0000012504817b70 JavaThread "Unconstrained build operations Thread 87"        [_thread_blocked, id=26352, stack(0x0000001cb6d00000,0x0000001cb6e00000) (1024K)]
  0x0000012504818890 JavaThread "Unconstrained build operations Thread 88"        [_thread_blocked, id=29744, stack(0x0000001cb6e00000,0x0000001cb6f00000) (1024K)]
  0x0000012504818200 JavaThread "Unconstrained build operations Thread 89"        [_thread_blocked, id=38788, stack(0x0000001cb6f00000,0x0000001cb7000000) (1024K)]
  0x00000125048195b0 JavaThread "Unconstrained build operations Thread 90"        [_thread_blocked, id=35624, stack(0x0000001cb7000000,0x0000001cb7100000) (1024K)]
  0x0000012504816130 JavaThread "Unconstrained build operations Thread 91"        [_thread_blocked, id=26568, stack(0x0000001cb7300000,0x0000001cb7400000) (1024K)]
  0x0000012504819c40 JavaThread "Unconstrained build operations Thread 92"        [_thread_blocked, id=13516, stack(0x0000001cb7400000,0x0000001cb7500000) (1024K)]
  0x00000125048167c0 JavaThread "Unconstrained build operations Thread 93"        [_thread_blocked, id=9412, stack(0x0000001cb7500000,0x0000001cb7600000) (1024K)]
  0x000001250481a2d0 JavaThread "Unconstrained build operations Thread 94"        [_thread_blocked, id=3248, stack(0x0000001cb7600000,0x0000001cb7700000) (1024K)]
  0x0000012504816e50 JavaThread "Unconstrained build operations Thread 95"        [_thread_blocked, id=23024, stack(0x0000001cb7700000,0x0000001cb7800000) (1024K)]
  0x000001250481ca30 JavaThread "Unconstrained build operations Thread 96"        [_thread_blocked, id=34396, stack(0x0000001cb7800000,0x0000001cb7900000) (1024K)]
  0x000001250481a960 JavaThread "Unconstrained build operations Thread 97"        [_thread_blocked, id=1280, stack(0x0000001cb7900000,0x0000001cb7a00000) (1024K)]
  0x000001250481bd10 JavaThread "Unconstrained build operations Thread 98"        [_thread_blocked, id=32132, stack(0x0000001cb7a00000,0x0000001cb7b00000) (1024K)]
  0x000001250481c3a0 JavaThread "Unconstrained build operations Thread 99"        [_thread_blocked, id=11448, stack(0x0000001cb7b00000,0x0000001cb7c00000) (1024K)]
  0x000001250481d0c0 JavaThread "Unconstrained build operations Thread 100"        [_thread_blocked, id=4728, stack(0x0000001cb7c00000,0x0000001cb7d00000) (1024K)]
  0x000001250481b680 JavaThread "Unconstrained build operations Thread 101"        [_thread_blocked, id=18320, stack(0x0000001cb7d00000,0x0000001cb7e00000) (1024K)]
  0x0000012501787980 JavaThread "Kotlin DSL Writer"                 [_thread_blocked, id=29480, stack(0x0000001cb2a00000,0x0000001cb2b00000) (1024K)]
  0x00000125052108e0 JavaThread "build event listener"              [_thread_blocked, id=8896, stack(0x0000001cb7200000,0x0000001cb7300000) (1024K)]
Total: 159

Other Threads:
=>0x00000124ff09c010 VMThread "VM Thread"                           [id=28612, stack(0x0000001cad400000,0x0000001cad500000) (1024K)]
  0x00000124ff089680 WatcherThread "VM Periodic Task Thread"        [id=41772, stack(0x0000001cad300000,0x0000001cad400000) (1024K)]
  0x00000124ea11a550 WorkerThread "GC Thread#0"                     [id=41944, stack(0x0000001cace00000,0x0000001cacf00000) (1024K)]
  0x00000124e72bb180 WorkerThread "GC Thread#1"                     [id=5296, stack(0x0000001cadf00000,0x0000001cae000000) (1024K)]
  0x00000124e706e040 WorkerThread "GC Thread#2"                     [id=3140, stack(0x0000001cae000000,0x0000001cae100000) (1024K)]
  0x00000124e7179060 WorkerThread "GC Thread#3"                     [id=5460, stack(0x0000001cae100000,0x0000001cae200000) (1024K)]
  0x00000124e7f6b630 WorkerThread "GC Thread#4"                     [id=40660, stack(0x0000001cae200000,0x0000001cae300000) (1024K)]
  0x00000124e706b0a0 WorkerThread "GC Thread#5"                     [id=37740, stack(0x0000001caed00000,0x0000001caee00000) (1024K)]
  0x00000124e7f8ae20 WorkerThread "GC Thread#6"                     [id=12908, stack(0x0000001caee00000,0x0000001caef00000) (1024K)]
  0x00000124e80274b0 WorkerThread "GC Thread#7"                     [id=29072, stack(0x0000001caef00000,0x0000001caf000000) (1024K)]
  0x00000124e8028330 WorkerThread "GC Thread#8"                     [id=38712, stack(0x0000001caf000000,0x0000001caf100000) (1024K)]
  0x00000124e8027110 WorkerThread "GC Thread#9"                     [id=41660, stack(0x0000001caf100000,0x0000001caf200000) (1024K)]
  0x00000124ea12c450 ConcurrentGCThread "G1 Main Marker"            [id=41444, stack(0x0000001cacf00000,0x0000001cad000000) (1024K)]
  0x00000124ea12ce60 WorkerThread "G1 Conc#0"                       [id=32488, stack(0x0000001cad000000,0x0000001cad100000) (1024K)]
  0x00000124e8027bf0 WorkerThread "G1 Conc#1"                       [id=39788, stack(0x0000001caf400000,0x0000001caf500000) (1024K)]
  0x0000012501923270 WorkerThread "G1 Conc#2"                       [id=38876, stack(0x0000001caf500000,0x0000001caf600000) (1024K)]
  0x00000124fef59060 ConcurrentGCThread "G1 Refine#0"               [id=13056, stack(0x0000001cad100000,0x0000001cad200000) (1024K)]
  0x00000124fef5a960 ConcurrentGCThread "G1 Service"                [id=36092, stack(0x0000001cad200000,0x0000001cad300000) (1024K)]
Total: 18

Threads with active compile tasks:
Total: 0

VM state: at safepoint (normal execution)

VM Mutex/Monitor currently owned by a thread:  ([mutex/lock_event])
[0x00007ffe8337d380] Threads_lock - owner thread: 0x00000124ff09c010
[0x00007ffe8337d480] Heap_lock - owner thread: 0x00000124e7c080e0

Heap address: 0x0000000600000000, size: 8192 MB, Compressed Oops mode: Zero based, Oop shift amount: 3

CDS archive(s) mapped at: [0x00000124a2000000-0x00000124a2c80000-0x00000124a2c80000), size 13107200, SharedBaseAddress: 0x00000124a2000000, ArchiveRelocationMode: 1.
Compressed class space mapped at: 0x00000124a3000000-0x00000124e3000000, reserved size: 1073741824
Narrow klass base: 0x00000124a2000000, Narrow klass shift: 0, Narrow klass range: 0x100000000

GC Precious Log:
 CardTable entry size: 512
 Card Set container configuration: InlinePtr #cards 4 size 8 Array Of Cards #cards 32 size 80 Howl #buckets 8 coarsen threshold 7372 Howl Bitmap #cards 1024 size 144 coarsen threshold 921 Card regions per heap region 1 cards per card region 8192
 CPUs: 12 total, 12 available
 Memory: 7900M
 Large Page Support: Disabled
 NUMA Support: Disabled
 Compressed Oops: Enabled (Zero based)
 Heap Region Size: 4M
 Heap Min Capacity: 8M
 Heap Initial Capacity: 124M
 Heap Max Capacity: 8G
 Pre-touch: Disabled
 Parallel Workers: 10
 Concurrent Workers: 3
 Concurrent Refinement Workers: 10
 Periodic GC: Disabled

Heap:
 garbage-first heap   total 307200K, used 198131K [0x0000000600000000, 0x0000000800000000)
  region size 4096K, 3 young (12288K), 3 survivors (12288K)
 Metaspace       used 157726K, committed 160576K, reserved 1245184K
  class space    used 20298K, committed 21696K, reserved 1048576K

Heap Regions: E=young(eden), S=young(survivor), O=old, HS=humongous(starts), HC=humongous(continues), CS=collection set, F=free, TAMS=top-at-mark-start, PB=parsable bottom
|   0|0x0000000600000000, 0x0000000600400000, 0x0000000600400000|100%|HS|  |TAMS 0x0000000600000000| PB 0x0000000600000000| Complete 
|   1|0x0000000600400000, 0x0000000600800000, 0x0000000600800000|100%| O|  |TAMS 0x0000000600400000| PB 0x0000000600400000| Untracked 
|   2|0x0000000600800000, 0x0000000600c00000, 0x0000000600c00000|100%| O|  |TAMS 0x0000000600800000| PB 0x0000000600800000| Untracked 
|   3|0x0000000600c00000, 0x0000000601000000, 0x0000000601000000|100%| O|  |TAMS 0x0000000600c00000| PB 0x0000000600c00000| Untracked 
|   4|0x0000000601000000, 0x0000000601400000, 0x0000000601400000|100%| O|  |TAMS 0x0000000601000000| PB 0x0000000601000000| Untracked 
|   5|0x0000000601400000, 0x0000000601800000, 0x0000000601800000|100%| O|  |TAMS 0x0000000601400000| PB 0x0000000601400000| Untracked 
|   6|0x0000000601800000, 0x0000000601c00000, 0x0000000601c00000|100%| O|  |TAMS 0x0000000601800000| PB 0x0000000601800000| Untracked 
|   7|0x0000000601c00000, 0x0000000602000000, 0x0000000602000000|100%| O|  |TAMS 0x0000000601c00000| PB 0x0000000601c00000| Untracked 
|   8|0x0000000602000000, 0x0000000602400000, 0x0000000602400000|100%| O|  |TAMS 0x0000000602000000| PB 0x0000000602000000| Untracked 
|   9|0x0000000602400000, 0x0000000602800000, 0x0000000602800000|100%| O|  |TAMS 0x0000000602400000| PB 0x0000000602400000| Untracked 
|  10|0x0000000602800000, 0x0000000602c00000, 0x0000000602c00000|100%| O|  |TAMS 0x0000000602800000| PB 0x0000000602800000| Untracked 
|  11|0x0000000602c00000, 0x0000000603000000, 0x0000000603000000|100%| O|  |TAMS 0x0000000602c00000| PB 0x0000000602c00000| Untracked 
|  12|0x0000000603000000, 0x0000000603400000, 0x0000000603400000|100%|HS|  |TAMS 0x0000000603000000| PB 0x0000000603000000| Complete 
|  13|0x0000000603400000, 0x0000000603800000, 0x0000000603800000|100%| O|  |TAMS 0x0000000603400000| PB 0x0000000603400000| Untracked 
|  14|0x0000000603800000, 0x0000000603c00000, 0x0000000603c00000|100%|HS|  |TAMS 0x0000000603800000| PB 0x0000000603800000| Complete 
|  15|0x0000000603c00000, 0x0000000604000000, 0x0000000604000000|100%| O|  |TAMS 0x0000000603c00000| PB 0x0000000603c00000| Untracked 
|  16|0x0000000604000000, 0x0000000604400000, 0x0000000604400000|100%| O|  |TAMS 0x0000000604000000| PB 0x0000000604000000| Untracked 
|  17|0x0000000604400000, 0x0000000604800000, 0x0000000604800000|100%| O|  |TAMS 0x0000000604400000| PB 0x0000000604400000| Untracked 
|  18|0x0000000604800000, 0x0000000604c00000, 0x0000000604c00000|100%| O|  |TAMS 0x0000000604800000| PB 0x0000000604800000| Untracked 
|  19|0x0000000604c00000, 0x0000000605000000, 0x0000000605000000|100%| O|  |TAMS 0x0000000604c00000| PB 0x0000000604c00000| Untracked 
|  20|0x0000000605000000, 0x0000000605400000, 0x0000000605400000|100%| O|  |TAMS 0x0000000605000000| PB 0x0000000605000000| Untracked 
|  21|0x0000000605400000, 0x0000000605800000, 0x0000000605800000|100%| O|  |TAMS 0x0000000605400000| PB 0x0000000605400000| Untracked 
|  22|0x0000000605800000, 0x0000000605c00000, 0x0000000605c00000|100%| O|  |TAMS 0x0000000605800000| PB 0x0000000605800000| Untracked 
|  23|0x0000000605c00000, 0x0000000606000000, 0x0000000606000000|100%| O|  |TAMS 0x0000000605c00000| PB 0x0000000605c00000| Untracked 
|  24|0x0000000606000000, 0x0000000606400000, 0x0000000606400000|100%| O|  |TAMS 0x0000000606000000| PB 0x0000000606000000| Untracked 
|  25|0x0000000606400000, 0x0000000606800000, 0x0000000606800000|100%|HS|  |TAMS 0x0000000606400000| PB 0x0000000606400000| Complete 
|  26|0x0000000606800000, 0x0000000606c00000, 0x0000000606c00000|100%|HC|  |TAMS 0x0000000606800000| PB 0x0000000606800000| Complete 
|  27|0x0000000606c00000, 0x0000000607000000, 0x0000000607000000|100%| O|  |TAMS 0x0000000606c00000| PB 0x0000000606c00000| Untracked 
|  28|0x0000000607000000, 0x0000000607400000, 0x0000000607400000|100%| O|  |TAMS 0x0000000607000000| PB 0x0000000607000000| Untracked 
|  29|0x0000000607400000, 0x0000000607800000, 0x0000000607800000|100%| O|  |TAMS 0x0000000607400000| PB 0x0000000607400000| Untracked 
|  30|0x0000000607800000, 0x0000000607c00000, 0x0000000607c00000|100%| O|  |TAMS 0x0000000607800000| PB 0x0000000607800000| Untracked 
|  31|0x0000000607c00000, 0x0000000608000000, 0x0000000608000000|100%| O|  |TAMS 0x0000000607c00000| PB 0x0000000607c00000| Untracked 
|  32|0x0000000608000000, 0x0000000608400000, 0x0000000608400000|100%| O|  |TAMS 0x0000000608000000| PB 0x0000000608000000| Untracked 
|  33|0x0000000608400000, 0x000000060857cf40, 0x0000000608800000| 37%| O|  |TAMS 0x0000000608400000| PB 0x0000000608400000| Untracked 
|  34|0x0000000608800000, 0x0000000608c00000, 0x0000000608c00000|100%| O|  |TAMS 0x0000000608800000| PB 0x0000000608800000| Untracked 
|  35|0x0000000608c00000, 0x0000000609000000, 0x0000000609000000|100%| O|  |TAMS 0x0000000608c00000| PB 0x0000000608c00000| Untracked 
|  36|0x0000000609000000, 0x0000000609400000, 0x0000000609400000|100%| O|  |TAMS 0x0000000609000000| PB 0x0000000609000000| Untracked 
|  37|0x0000000609400000, 0x0000000609800000, 0x0000000609800000|100%| O|  |TAMS 0x0000000609400000| PB 0x0000000609400000| Untracked 
|  38|0x0000000609800000, 0x0000000609c00000, 0x0000000609c00000|100%| O|  |TAMS 0x0000000609800000| PB 0x0000000609800000| Untracked 
|  39|0x0000000609c00000, 0x000000060a000000, 0x000000060a000000|100%| O|  |TAMS 0x0000000609c00000| PB 0x0000000609c00000| Untracked 
|  40|0x000000060a000000, 0x000000060a400000, 0x000000060a400000|100%| O|  |TAMS 0x000000060a000000| PB 0x000000060a000000| Untracked 
|  41|0x000000060a400000, 0x000000060a800000, 0x000000060a800000|100%| O|  |TAMS 0x000000060a400000| PB 0x000000060a400000| Untracked 
|  42|0x000000060a800000, 0x000000060ac00000, 0x000000060ac00000|100%| O|  |TAMS 0x000000060a800000| PB 0x000000060a800000| Untracked 
|  43|0x000000060ac00000, 0x000000060ac00000, 0x000000060b000000|  0%| F|  |TAMS 0x000000060ac00000| PB 0x000000060ac00000| Untracked 
|  44|0x000000060b000000, 0x000000060b000000, 0x000000060b400000|  0%| F|  |TAMS 0x000000060b000000| PB 0x000000060b000000| Untracked 
|  45|0x000000060b400000, 0x000000060b400000, 0x000000060b800000|  0%| F|  |TAMS 0x000000060b400000| PB 0x000000060b400000| Untracked 
|  46|0x000000060b800000, 0x000000060bc00000, 0x000000060bc00000|100%| S|CS|TAMS 0x000000060b800000| PB 0x000000060b800000| Complete 
|  47|0x000000060bc00000, 0x000000060c000000, 0x000000060c000000|100%| S|CS|TAMS 0x000000060bc00000| PB 0x000000060bc00000| Complete 
|  48|0x000000060c000000, 0x000000060c400000, 0x000000060c400000|100%| S|CS|TAMS 0x000000060c000000| PB 0x000000060c000000| Complete 
|  49|0x000000060c400000, 0x000000060c400000, 0x000000060c800000|  0%| F|  |TAMS 0x000000060c400000| PB 0x000000060c400000| Untracked 
|  50|0x000000060c800000, 0x000000060c800000, 0x000000060cc00000|  0%| F|  |TAMS 0x000000060c800000| PB 0x000000060c800000| Untracked 
|  51|0x000000060cc00000, 0x000000060cc00000, 0x000000060d000000|  0%| F|  |TAMS 0x000000060cc00000| PB 0x000000060cc00000| Untracked 
|  52|0x000000060d000000, 0x000000060d000000, 0x000000060d400000|  0%| F|  |TAMS 0x000000060d000000| PB 0x000000060d000000| Untracked 
|  53|0x000000060d400000, 0x000000060d400000, 0x000000060d800000|  0%| F|  |TAMS 0x000000060d400000| PB 0x000000060d400000| Untracked 
|  54|0x000000060d800000, 0x000000060d800000, 0x000000060dc00000|  0%| F|  |TAMS 0x000000060d800000| PB 0x000000060d800000| Untracked 
|  55|0x000000060dc00000, 0x000000060dc00000, 0x000000060e000000|  0%| F|  |TAMS 0x000000060dc00000| PB 0x000000060dc00000| Untracked 
|  56|0x000000060e000000, 0x000000060e000000, 0x000000060e400000|  0%| F|  |TAMS 0x000000060e000000| PB 0x000000060e000000| Untracked 
|  57|0x000000060e400000, 0x000000060e400000, 0x000000060e800000|  0%| F|  |TAMS 0x000000060e400000| PB 0x000000060e400000| Untracked 
|  58|0x000000060e800000, 0x000000060e800000, 0x000000060ec00000|  0%| F|  |TAMS 0x000000060e800000| PB 0x000000060e800000| Untracked 
|  59|0x000000060ec00000, 0x000000060ec00000, 0x000000060f000000|  0%| F|  |TAMS 0x000000060ec00000| PB 0x000000060ec00000| Untracked 
|  60|0x000000060f000000, 0x000000060f000000, 0x000000060f400000|  0%| F|  |TAMS 0x000000060f000000| PB 0x000000060f000000| Untracked 
|  61|0x000000060f400000, 0x000000060f400000, 0x000000060f800000|  0%| F|  |TAMS 0x000000060f400000| PB 0x000000060f400000| Untracked 
|  62|0x000000060f800000, 0x000000060f800000, 0x000000060fc00000|  0%| F|  |TAMS 0x000000060f800000| PB 0x000000060f800000| Untracked 
|  63|0x000000060fc00000, 0x000000060fc00000, 0x0000000610000000|  0%| F|  |TAMS 0x000000060fc00000| PB 0x000000060fc00000| Untracked 
|  64|0x0000000610000000, 0x0000000610000000, 0x0000000610400000|  0%| F|  |TAMS 0x0000000610000000| PB 0x0000000610000000| Untracked 
|  65|0x0000000610400000, 0x0000000610400000, 0x0000000610800000|  0%| F|  |TAMS 0x0000000610400000| PB 0x0000000610400000| Untracked 
|  66|0x0000000610800000, 0x0000000610800000, 0x0000000610c00000|  0%| F|  |TAMS 0x0000000610800000| PB 0x0000000610800000| Untracked 
|  67|0x0000000610c00000, 0x0000000610c00000, 0x0000000611000000|  0%| F|  |TAMS 0x0000000610c00000| PB 0x0000000610c00000| Untracked 
|  68|0x0000000611000000, 0x0000000611000000, 0x0000000611400000|  0%| F|  |TAMS 0x0000000611000000| PB 0x0000000611000000| Untracked 
|  69|0x0000000611400000, 0x0000000611400000, 0x0000000611800000|  0%| F|  |TAMS 0x0000000611400000| PB 0x0000000611400000| Untracked 
|  70|0x0000000611800000, 0x0000000611800000, 0x0000000611c00000|  0%| F|  |TAMS 0x0000000611800000| PB 0x0000000611800000| Untracked 
|  71|0x0000000611c00000, 0x0000000611c00000, 0x0000000612000000|  0%| F|  |TAMS 0x0000000611c00000| PB 0x0000000611c00000| Untracked 
|2045|0x00000007ff400000, 0x00000007ff800000, 0x00000007ff800000|100%| O|  |TAMS 0x00000007ff400000| PB 0x00000007ff400000| Untracked 
|2046|0x00000007ff800000, 0x00000007ffc00000, 0x00000007ffc00000|100%| O|  |TAMS 0x00000007ff800000| PB 0x00000007ff800000| Untracked 
|2047|0x00000007ffc00000, 0x0000000800000000, 0x0000000800000000|100%| O|  |TAMS 0x00000007ffc00000| PB 0x00000007ffc00000| Untracked 

Card table byte_map: [0x00000124f5e70000,0x00000124f6e70000] _byte_map_base: 0x00000124f2e70000

Marking Bits: (CMBitMap*) 0x00000124ea11bb70
 Bits: [0x00000124f6e70000, 0x00000124fee70000)

Polling page: 0x00000124ea130000

Metaspace:

Usage:
  Non-class:    134.21 MB used.
      Class:     19.82 MB used.
       Both:    154.03 MB used.

Virtual space:
  Non-class space:      192.00 MB reserved,     135.62 MB ( 71%) committed,  3 nodes.
      Class space:        1.00 GB reserved,      21.19 MB (  2%) committed,  1 nodes.
             Both:        1.19 GB reserved,     156.81 MB ( 13%) committed. 

Chunk freelists:
   Non-Class:  7.64 MB
       Class:  10.75 MB
        Both:  18.39 MB

MaxMetaspaceSize: 4.00 GB
CompressedClassSpaceSize: 1.00 GB
Initial GC threshold: 21.00 MB
Current GC threshold: 256.50 MB
CDS: on
 - commit_granule_bytes: 65536.
 - commit_granule_words: 8192.
 - virtual_space_node_default_size: 8388608.
 - enlarge_chunks_in_place: 1.
 - use_allocation_guard: 0.


Internal statistics:

num_allocs_failed_limit: 12.
num_arena_births: 5208.
num_arena_deaths: 0.
num_vsnodes_births: 4.
num_vsnodes_deaths: 0.
num_space_committed: 2507.
num_space_uncommitted: 0.
num_chunks_returned_to_freelist: 12.
num_chunks_taken_from_freelist: 12137.
num_chunk_merges: 12.
num_chunk_splits: 8325.
num_chunks_enlarged: 5646.
num_inconsistent_stats: 0.

CodeHeap 'non-profiled nmethods': size=259264Kb used=11275Kb max_used=11275Kb free=247988Kb
 bounds [0x00000124902d0000, 0x0000012490de0000, 0x00000124a0000000]
CodeHeap 'profiled nmethods': size=259264Kb used=38938Kb max_used=38938Kb free=220325Kb
 bounds [0x0000012480000000, 0x0000012482610000, 0x000001248fd30000]
CodeHeap 'non-nmethods': size=5760Kb used=3152Kb max_used=3198Kb free=2607Kb
 bounds [0x000001248fd30000, 0x0000012490060000, 0x00000124902d0000]
 total_blobs=18827 nmethods=17649 adapters=1079
 compilation: enabled
              stopped_count=0, restarted_count=0
 full_count=0

Compilation events (20 events):
Event: 742.236 Thread 0x00000124ff0fa890 20249       3       org.gradle.api.internal.artifacts.DefaultDependencySet::<init> (25 bytes)
Event: 742.250 Thread 0x00000124ff0fa890 nmethod 20249 0x0000012482600b10 code [0x0000012482600d00, 0x00000124826013f0]
Event: 742.250 Thread 0x00000124ff0fa890 20250       3       org.gradle.api.internal.artifacts.DefaultDependencySet::toMutationValidator (22 bytes)
Event: 742.251 Thread 0x00000124ff0fa890 nmethod 20250 0x0000012482601590 code [0x0000012482601760, 0x0000012482601bc0]
Event: 742.251 Thread 0x00000124ff0fa890 20251       3       org.gradle.api.internal.artifacts.DefaultDependencySet$MutationValidationAction::<init> (10 bytes)
Event: 742.251 Thread 0x00000124ff0fa890 nmethod 20251 0x0000012482601d10 code [0x0000012482601ec0, 0x0000012482602080]
Event: 742.257 Thread 0x00000124ff0cc340 20252       4       java.lang.invoke.MethodHandles$Lookup::lookupModes (8 bytes)
Event: 742.257 Thread 0x00000124ff0fa890 20253       3       java.lang.invoke.LambdaForm$MH/0x00000124a358b000::invoke (27 bytes)
Event: 742.258 Thread 0x00000124ff0cc340 nmethod 20252 0x0000012490dd1310 code [0x0000012490dd14a0, 0x0000012490dd1530]
Event: 742.258 Thread 0x00000124ff0fa890 nmethod 20253 0x0000012482602190 code [0x0000012482602360, 0x00000124826027e8]
Event: 742.258 Thread 0x00000124ff0fa890 20254       3       java.lang.StringConcatHelper::newArrayWithSuffix (40 bytes)
Event: 742.259 Thread 0x00000124ff0fa890 nmethod 20254 0x0000012482602910 code [0x0000012482602b20, 0x00000124826030c0]
Event: 743.759 Thread 0x00000124ff0fa890 20255       3       sun.reflect.annotation.AnnotationParser::parseMemberValue (230 bytes)
Event: 743.761 Thread 0x00000124ff0cc340 20256       4       java.util.HashMap::entrySet (27 bytes)
Event: 743.764 Thread 0x00000124ff0cc340 nmethod 20256 0x0000012490dd1610 code [0x0000012490dd17a0, 0x0000012490dd1980]
Event: 743.764 Thread 0x00000124ff0cc340 20258       4       org.gradle.internal.reflect.PropertyAccessorType::of (101 bytes)
Event: 743.766 Thread 0x00000124ff0fa890 nmethod 20255 0x0000012482603310 code [0x0000012482603820, 0x0000012482605d58]
Event: 743.787 Thread 0x00000124ff0cc340 nmethod 20258 0x0000012490dd1a10 code [0x0000012490dd1c00, 0x0000012490dd2188]
Event: 743.787 Thread 0x00000124ff0cc340 20257       4       java.util.HashMap$EntrySet::iterator (12 bytes)
Event: 743.794 Thread 0x00000124ff0cc340 nmethod 20257 0x0000012490dd2690 code [0x0000012490dd2840, 0x0000012490dd2b10]

GC Heap History (20 events):
Event: 562.381 GC heap after
{Heap after GC invocations=54 (full 0):
 garbage-first heap   total 290816K, used 153185K [0x0000000600000000, 0x0000000800000000)
  region size 4096K, 1 young (4096K), 1 survivors (4096K)
 Metaspace       used 128930K, committed 131712K, reserved 1179648K
  class space    used 17293K, committed 18688K, reserved 1048576K
}
Event: 610.811 GC heap before
{Heap before GC invocations=54 (full 0):
 garbage-first heap   total 290816K, used 210529K [0x0000000600000000, 0x0000000800000000)
  region size 4096K, 16 young (65536K), 1 survivors (4096K)
 Metaspace       used 138655K, committed 141376K, reserved 1179648K
  class space    used 18110K, committed 19456K, reserved 1048576K
}
Event: 610.907 GC heap after
{Heap after GC invocations=55 (full 0):
 garbage-first heap   total 290816K, used 154400K [0x0000000600000000, 0x0000000800000000)
  region size 4096K, 1 young (4096K), 1 survivors (4096K)
 Metaspace       used 138655K, committed 141376K, reserved 1179648K
  class space    used 18110K, committed 19456K, reserved 1048576K
}
Event: 636.836 GC heap before
{Heap before GC invocations=55 (full 0):
 garbage-first heap   total 290816K, used 236320K [0x0000000600000000, 0x0000000800000000)
  region size 4096K, 21 young (86016K), 1 survivors (4096K)
 Metaspace       used 144918K, committed 147712K, reserved 1179648K
  class space    used 18807K, committed 20160K, reserved 1048576K
}
Event: 636.913 GC heap after
{Heap after GC invocations=56 (full 0):
 garbage-first heap   total 290816K, used 163733K [0x0000000600000000, 0x0000000800000000)
  region size 4096K, 3 young (12288K), 3 survivors (12288K)
 Metaspace       used 144918K, committed 147712K, reserved 1179648K
  class space    used 18807K, committed 20160K, reserved 1048576K
}
Event: 640.160 GC heap before
{Heap before GC invocations=56 (full 0):
 garbage-first heap   total 290816K, used 196501K [0x0000000600000000, 0x0000000800000000)
  region size 4096K, 11 young (45056K), 3 survivors (12288K)
 Metaspace       used 146225K, committed 148992K, reserved 1179648K
  class space    used 18977K, committed 20352K, reserved 1048576K
}
Event: 640.229 GC heap after
{Heap after GC invocations=57 (full 0):
 garbage-first heap   total 290816K, used 169219K [0x0000000600000000, 0x0000000800000000)
  region size 4096K, 2 young (8192K), 2 survivors (8192K)
 Metaspace       used 146225K, committed 148992K, reserved 1179648K
  class space    used 18977K, committed 20352K, reserved 1048576K
}
Event: 655.401 GC heap before
{Heap before GC invocations=57 (full 0):
 garbage-first heap   total 290816K, used 251139K [0x0000000600000000, 0x0000000800000000)
  region size 4096K, 22 young (90112K), 2 survivors (8192K)
 Metaspace       used 151547K, committed 154304K, reserved 1245184K
  class space    used 19686K, committed 21056K, reserved 1048576K
}
Event: 655.445 GC heap after
{Heap after GC invocations=58 (full 0):
 garbage-first heap   total 290816K, used 173674K [0x0000000600000000, 0x0000000800000000)
  region size 4096K, 3 young (12288K), 3 survivors (12288K)
 Metaspace       used 151547K, committed 154304K, reserved 1245184K
  class space    used 19686K, committed 21056K, reserved 1048576K
}
Event: 670.993 GC heap before
{Heap before GC invocations=58 (full 0):
 garbage-first heap   total 290816K, used 247402K [0x0000000600000000, 0x0000000800000000)
  region size 4096K, 22 young (90112K), 3 survivors (12288K)
 Metaspace       used 154527K, committed 157376K, reserved 1245184K
  class space    used 20043K, committed 21440K, reserved 1048576K
}
Event: 671.039 GC heap after
{Heap after GC invocations=59 (full 0):
 garbage-first heap   total 290816K, used 177776K [0x0000000600000000, 0x0000000800000000)
  region size 4096K, 3 young (12288K), 3 survivors (12288K)
 Metaspace       used 154527K, committed 157376K, reserved 1245184K
  class space    used 20043K, committed 21440K, reserved 1048576K
}
Event: 673.796 GC heap before
{Heap before GC invocations=59 (full 0):
 garbage-first heap   total 290816K, used 251504K [0x0000000600000000, 0x0000000800000000)
  region size 4096K, 21 young (86016K), 3 survivors (12288K)
 Metaspace       used 154677K, committed 157568K, reserved 1245184K
  class space    used 20044K, committed 21440K, reserved 1048576K
}
Event: 673.865 GC heap after
{Heap after GC invocations=60 (full 0):
 garbage-first heap   total 290816K, used 180160K [0x0000000600000000, 0x0000000800000000)
  region size 4096K, 2 young (8192K), 2 survivors (8192K)
 Metaspace       used 154677K, committed 157568K, reserved 1245184K
  class space    used 20044K, committed 21440K, reserved 1048576K
}
Event: 719.002 GC heap before
{Heap before GC invocations=61 (full 0):
 garbage-first heap   total 307200K, used 253888K [0x0000000600000000, 0x0000000800000000)
  region size 4096K, 21 young (86016K), 2 survivors (8192K)
 Metaspace       used 154763K, committed 157568K, reserved 1245184K
  class space    used 20044K, committed 21440K, reserved 1048576K
}
Event: 719.148 GC heap after
{Heap after GC invocations=62 (full 0):
 garbage-first heap   total 307200K, used 186638K [0x0000000600000000, 0x0000000800000000)
  region size 4096K, 3 young (12288K), 3 survivors (12288K)
 Metaspace       used 154763K, committed 157568K, reserved 1245184K
  class space    used 20044K, committed 21440K, reserved 1048576K
}
Event: 719.171 GC heap before
{Heap before GC invocations=62 (full 0):
 garbage-first heap   total 307200K, used 190734K [0x0000000600000000, 0x0000000800000000)
  region size 4096K, 4 young (16384K), 3 survivors (12288K)
 Metaspace       used 154763K, committed 157568K, reserved 1245184K
  class space    used 20044K, committed 21440K, reserved 1048576K
}
Event: 719.260 GC heap after
{Heap after GC invocations=63 (full 0):
 garbage-first heap   total 307200K, used 186588K [0x0000000600000000, 0x0000000800000000)
  region size 4096K, 1 young (4096K), 1 survivors (4096K)
 Metaspace       used 154763K, committed 157568K, reserved 1245184K
  class space    used 20044K, committed 21440K, reserved 1048576K
}
Event: 723.960 GC heap before
{Heap before GC invocations=63 (full 0):
 garbage-first heap   total 307200K, used 235740K [0x0000000600000000, 0x0000000800000000)
  region size 4096K, 13 young (53248K), 1 survivors (4096K)
 Metaspace       used 154890K, committed 157824K, reserved 1245184K
  class space    used 20045K, committed 21504K, reserved 1048576K
}
Event: 724.030 GC heap after
{Heap after GC invocations=64 (full 0):
 garbage-first heap   total 307200K, used 189735K [0x0000000600000000, 0x0000000800000000)
  region size 4096K, 2 young (8192K), 2 survivors (8192K)
 Metaspace       used 154890K, committed 157824K, reserved 1245184K
  class space    used 20045K, committed 21504K, reserved 1048576K
}
Event: 743.808 GC heap before
{Heap before GC invocations=64 (full 0):
 garbage-first heap   total 307200K, used 275751K [0x0000000600000000, 0x0000000800000000)
  region size 4096K, 23 young (94208K), 2 survivors (8192K)
 Metaspace       used 157726K, committed 160576K, reserved 1245184K
  class space    used 20298K, committed 21696K, reserved 1048576K
}

Dll operation events (16 events):
Event: 0.447 Loaded shared library C:\Program Files\Eclipse Adoptium\jdk-21.0.5.11-hotspot\bin\java.dll
Event: 1.844 Loaded shared library C:\Program Files\Eclipse Adoptium\jdk-21.0.5.11-hotspot\bin\jsvml.dll
Event: 2.730 Loaded shared library C:\Program Files\Eclipse Adoptium\jdk-21.0.5.11-hotspot\bin\zip.dll
Event: 2.766 Loaded shared library C:\Program Files\Eclipse Adoptium\jdk-21.0.5.11-hotspot\bin\instrument.dll
Event: 2.878 Loaded shared library C:\Program Files\Eclipse Adoptium\jdk-21.0.5.11-hotspot\bin\net.dll
Event: 2.897 Loaded shared library C:\Program Files\Eclipse Adoptium\jdk-21.0.5.11-hotspot\bin\nio.dll
Event: 2.962 Loaded shared library C:\Program Files\Eclipse Adoptium\jdk-21.0.5.11-hotspot\bin\zip.dll
Event: 8.611 Loaded shared library C:\Program Files\Eclipse Adoptium\jdk-21.0.5.11-hotspot\bin\jimage.dll
Event: 11.649 Loaded shared library C:\Program Files\Eclipse Adoptium\jdk-21.0.5.11-hotspot\bin\verify.dll
Event: 13.806 Loaded shared library C:\Users\LENOVO\.gradle\native\1def1411415f61bf3af743bc5b6707747c0891f09f0c88961ee8f79bc544acac\windows-amd64\native-platform.dll
Event: 13.877 Loaded shared library C:\Users\LENOVO\.gradle\native\0.2.5\x86_64-windows-gnu\gradle-fileevents.dll
Event: 31.269 Loaded shared library C:\Program Files\Eclipse Adoptium\jdk-21.0.5.11-hotspot\bin\management.dll
Event: 31.303 Loaded shared library C:\Program Files\Eclipse Adoptium\jdk-21.0.5.11-hotspot\bin\management_ext.dll
Event: 35.965 Loaded shared library C:\Program Files\Eclipse Adoptium\jdk-21.0.5.11-hotspot\bin\extnet.dll
Event: 46.176 Loaded shared library C:\Program Files\Eclipse Adoptium\jdk-21.0.5.11-hotspot\bin\sunmscapi.dll
Event: 60.566 Loaded shared library C:\Users\LENOVO\AppData\Local\Temp\native-platform15376060154881968754dir\gradle-fileevents.dll

Deoptimization events (20 events):
Event: 735.243 Thread 0x00000124e7c080e0 Uncommon trap: trap_request=0xffffff45 fr.pc=0x0000012490d17e30 relative=0x0000000000009770
Event: 735.243 Thread 0x00000124e7c080e0 Uncommon trap: reason=unstable_if action=reinterpret pc=0x0000012490d17e30 method=org.jetbrains.org.objectweb.asm.ClassReader.accept(Lorg/jetbrains/org/objectweb/asm/ClassVisitor;[Lorg/jetbrains/org/objectweb/asm/Attribute;I)V @ 662 c2
Event: 735.243 Thread 0x00000124e7c080e0 DEOPT PACKING pc=0x0000012490d17e30 sp=0x0000001cae9f1c10
Event: 735.243 Thread 0x00000124e7c080e0 DEOPT UNPACKING pc=0x000001248fd846a2 sp=0x0000001cae9f1c28 mode 2
Event: 735.776 Thread 0x00000124e7c080e0 Uncommon trap: trap_request=0xffffffc6 fr.pc=0x0000012490532098 relative=0x0000000000000918
Event: 735.776 Thread 0x00000124e7c080e0 Uncommon trap: reason=bimorphic_or_optimized_type_check action=maybe_recompile pc=0x0000012490532098 method=org.jetbrains.kotlin.protobuf.CodedOutputStream.refreshBuffer()V @ 28 c2
Event: 735.776 Thread 0x00000124e7c080e0 DEOPT PACKING pc=0x0000012490532098 sp=0x0000001cae9f39b0
Event: 735.776 Thread 0x00000124e7c080e0 DEOPT UNPACKING pc=0x000001248fd846a2 sp=0x0000001cae9f39a0 mode 2
Event: 737.276 Thread 0x00000124e7c080e0 Uncommon trap: trap_request=0xffffff45 fr.pc=0x0000012490821b44 relative=0x0000000000000844
Event: 737.276 Thread 0x00000124e7c080e0 Uncommon trap: reason=unstable_if action=reinterpret pc=0x0000012490821b44 method=org.gradle.internal.snapshot.VfsRelativePath.compareToFirstSegment(Ljava/lang/String;Lorg/gradle/internal/snapshot/CaseSensitivity;)I @ 156 c2
Event: 737.277 Thread 0x00000124e7c080e0 DEOPT PACKING pc=0x0000012490821b44 sp=0x0000001cae9f5240
Event: 737.277 Thread 0x00000124e7c080e0 DEOPT UNPACKING pc=0x000001248fd846a2 sp=0x0000001cae9f5080 mode 2
Event: 738.349 Thread 0x00000124e7c080e0 Uncommon trap: trap_request=0xffffff45 fr.pc=0x0000012490b6a0c4 relative=0x00000000000018a4
Event: 738.349 Thread 0x00000124e7c080e0 Uncommon trap: reason=unstable_if action=reinterpret pc=0x0000012490b6a0c4 method=java.lang.String.split(CIZ)[Ljava/lang/String; @ 184 c2
Event: 738.349 Thread 0x00000124e7c080e0 DEOPT PACKING pc=0x0000012490b6a0c4 sp=0x0000001cae9f62d0
Event: 738.349 Thread 0x00000124e7c080e0 DEOPT UNPACKING pc=0x000001248fd846a2 sp=0x0000001cae9f6290 mode 2
Event: 741.087 Thread 0x00000124e7c080e0 Uncommon trap: trap_request=0xffffff45 fr.pc=0x0000012490b82fc8 relative=0x0000000000001148
Event: 741.087 Thread 0x00000124e7c080e0 Uncommon trap: reason=unstable_if action=reinterpret pc=0x0000012490b82fc8 method=sun.reflect.annotation.AnnotationParser.parseConst(ILjava/nio/ByteBuffer;Ljdk/internal/reflect/ConstantPool;)Ljava/lang/Object; @ 9 c2
Event: 741.087 Thread 0x00000124e7c080e0 DEOPT PACKING pc=0x0000012490b82fc8 sp=0x0000001cae9f52d0
Event: 741.088 Thread 0x00000124e7c080e0 DEOPT UNPACKING pc=0x000001248fd846a2 sp=0x0000001cae9f5218 mode 2

Classes loaded (20 events):
Event: 647.850 Loading class java/lang/EnumCustomizer
Event: 647.853 Loading class java/lang/EnumCustomizer done
Event: 647.860 Loading class java/lang/EnumCustomizer
Event: 647.860 Loading class java/lang/EnumCustomizer done
Event: 648.347 Loading class java/util/ArrayListBeanInfo
Event: 648.348 Loading class java/util/ArrayListBeanInfo done
Event: 648.349 Loading class java/util/ArrayListBeanInfo
Event: 648.349 Loading class java/util/ArrayListBeanInfo done
Event: 648.351 Loading class java/util/AbstractListBeanInfo
Event: 648.351 Loading class java/util/AbstractListBeanInfo done
Event: 648.353 Loading class java/util/AbstractListBeanInfo
Event: 648.353 Loading class java/util/AbstractListBeanInfo done
Event: 648.353 Loading class java/util/AbstractListCustomizer
Event: 648.353 Loading class java/util/AbstractListCustomizer done
Event: 648.354 Loading class java/util/AbstractListCustomizer
Event: 648.354 Loading class java/util/AbstractListCustomizer done
Event: 648.402 Loading class java/util/ArrayListCustomizer
Event: 648.403 Loading class java/util/ArrayListCustomizer done
Event: 648.406 Loading class java/util/ArrayListCustomizer
Event: 648.406 Loading class java/util/ArrayListCustomizer done

Classes unloaded (0 events):
No events

Classes redefined (0 events):
No events

Internal exceptions (20 events):
Event: 662.351 Thread 0x00000124e7c080e0 Exception <a 'java/lang/ClassNotFoundException'{0x000000060f151560}: org/gradle/plugin/software/internal/SoftwareFeaturesDynamicObjectBeanInfo> (0x000000060f151560) 
thrown [s\src\hotspot\share\classfile\systemDictionary.cpp, line 312]
Event: 662.382 Thread 0x00000124e7c080e0 Exception <a 'java/lang/ClassNotFoundException'{0x000000060f16a7e0}: org/gradle/internal/metaobject/AbstractDynamicObjectBeanInfo> (0x000000060f16a7e0) 
thrown [s\src\hotspot\share\classfile\systemDictionary.cpp, line 312]
Event: 662.401 Thread 0x00000124e7c080e0 Exception <a 'java/lang/ClassNotFoundException'{0x000000060f183ab8}: org/gradle/internal/metaobject/AbstractDynamicObjectCustomizer> (0x000000060f183ab8) 
thrown [s\src\hotspot\share\classfile\systemDictionary.cpp, line 312]
Event: 662.416 Thread 0x00000124e7c080e0 Exception <a 'java/lang/ClassNotFoundException'{0x000000060f1a9600}: org/gradle/plugin/software/internal/SoftwareFeaturesDynamicObjectCustomizer> (0x000000060f1a9600) 
thrown [s\src\hotspot\share\classfile\systemDictionary.cpp, line 312]
Event: 662.451 Thread 0x00000124e7c080e0 Exception <a 'java/lang/ClassNotFoundException'{0x000000060f1ca1d0}: org/gradle/plugin/software/internal/SoftwareFeaturesDynamicObject_DecoratedCustomizer> (0x000000060f1ca1d0) 
thrown [s\src\hotspot\share\classfile\systemDictionary.cpp, line 312]
Event: 713.059 Thread 0x00000124e7c080e0 Exception <a 'sun/nio/fs/WindowsException'{0x000000060f62f2c8}> (0x000000060f62f2c8) 
thrown [s\src\hotspot\share\prims\jni.cpp, line 520]
Event: 713.091 Thread 0x00000124e7c080e0 Exception <a 'sun/nio/fs/WindowsException'{0x000000060f631660}> (0x000000060f631660) 
thrown [s\src\hotspot\share\prims\jni.cpp, line 520]
Event: 714.758 Thread 0x00000124e7c080e0 Implicit null exception at 0x0000012490b22070 to 0x0000012490b22254
Event: 726.370 Thread 0x00000124e7c080e0 Exception <a 'java/lang/IncompatibleClassChangeError'{0x000000060ffc2438}: Found class java.lang.Object, but interface was expected> (0x000000060ffc2438) 
thrown [s\src\hotspot\share\interpreter\linkResolver.cpp, line 840]
Event: 735.822 Thread 0x00000124e7c080e0 Exception <a 'sun/nio/fs/WindowsException'{0x000000060da6e740}> (0x000000060da6e740) 
thrown [s\src\hotspot\share\prims\jni.cpp, line 520]
Event: 735.829 Thread 0x00000124e7c080e0 Exception <a 'sun/nio/fs/WindowsException'{0x000000060da70918}> (0x000000060da70918) 
thrown [s\src\hotspot\share\prims\jni.cpp, line 520]
Event: 735.926 Thread 0x00000124e7c080e0 Exception <a 'sun/nio/fs/WindowsException'{0x000000060da7b408}> (0x000000060da7b408) 
thrown [s\src\hotspot\share\prims\jni.cpp, line 520]
Event: 735.954 Thread 0x00000124e7c080e0 Exception <a 'sun/nio/fs/WindowsException'{0x000000060da84218}> (0x000000060da84218) 
thrown [s\src\hotspot\share\prims\jni.cpp, line 520]
Event: 735.988 Thread 0x00000124e7c080e0 Exception <a 'sun/nio/fs/WindowsException'{0x000000060da8fa78}> (0x000000060da8fa78) 
thrown [s\src\hotspot\share\prims\jni.cpp, line 520]
Event: 736.008 Thread 0x00000124e7c080e0 Exception <a 'sun/nio/fs/WindowsException'{0x000000060da99210}> (0x000000060da99210) 
thrown [s\src\hotspot\share\prims\jni.cpp, line 520]
Event: 736.057 Thread 0x00000124e7c080e0 Exception <a 'sun/nio/fs/WindowsException'{0x000000060daa2b38}> (0x000000060daa2b38) 
thrown [s\src\hotspot\share\prims\jni.cpp, line 520]
Event: 736.070 Thread 0x00000124e7c080e0 Exception <a 'sun/nio/fs/WindowsException'{0x000000060daaf6a8}> (0x000000060daaf6a8) 
thrown [s\src\hotspot\share\prims\jni.cpp, line 520]
Event: 736.076 Thread 0x00000124e7c080e0 Exception <a 'sun/nio/fs/WindowsException'{0x000000060dab7128}> (0x000000060dab7128) 
thrown [s\src\hotspot\share\prims\jni.cpp, line 520]
Event: 736.091 Thread 0x00000124e7c080e0 Exception <a 'sun/nio/fs/WindowsException'{0x000000060dac0910}> (0x000000060dac0910) 
thrown [s\src\hotspot\share\prims\jni.cpp, line 520]
Event: 736.162 Thread 0x00000124e7c080e0 Exception <a 'sun/nio/fs/WindowsException'{0x000000060dac81a8}> (0x000000060dac81a8) 
thrown [s\src\hotspot\share\prims\jni.cpp, line 520]

ZGC Phase Switch (0 events):
No events

VM Operations (20 events):
Event: 735.143 Executing VM operation: HandshakeAllThreads (Deoptimize) done
Event: 735.484 Executing VM operation: ICBufferFull
Event: 735.485 Executing VM operation: ICBufferFull done
Event: 736.496 Executing VM operation: Cleanup
Event: 736.497 Executing VM operation: Cleanup done
Event: 737.503 Executing VM operation: Cleanup
Event: 737.504 Executing VM operation: Cleanup done
Event: 738.513 Executing VM operation: Cleanup
Event: 738.513 Executing VM operation: Cleanup done
Event: 739.519 Executing VM operation: Cleanup
Event: 739.535 Executing VM operation: Cleanup done
Event: 740.544 Executing VM operation: Cleanup
Event: 740.558 Executing VM operation: Cleanup done
Event: 741.565 Executing VM operation: Cleanup
Event: 741.565 Executing VM operation: Cleanup done
Event: 742.582 Executing VM operation: Cleanup
Event: 742.583 Executing VM operation: Cleanup done
Event: 742.635 Executing VM operation: HandshakeAllThreads (Deoptimize)
Event: 742.651 Executing VM operation: HandshakeAllThreads (Deoptimize) done
Event: 743.808 Executing VM operation: G1CollectForAllocation (G1 Evacuation Pause)

Memory protections (0 events):
No events

Nmethod flushes (20 events):
Event: 675.111 Thread 0x00000124ff09c010 flushing  nmethod 0x00000124812a4610
Event: 675.111 Thread 0x00000124ff09c010 flushing  nmethod 0x00000124812a5990
Event: 675.111 Thread 0x00000124ff09c010 flushing  nmethod 0x0000012490830390
Event: 675.111 Thread 0x00000124ff09c010 flushing  nmethod 0x0000012490836810
Event: 675.111 Thread 0x00000124ff09c010 flushing  nmethod 0x000001248007d390
Event: 675.111 Thread 0x00000124ff09c010 flushing  nmethod 0x0000012480271f90
Event: 675.111 Thread 0x00000124ff09c010 flushing  nmethod 0x000001248030c690
Event: 675.111 Thread 0x00000124ff09c010 flushing  nmethod 0x0000012480536810
Event: 675.111 Thread 0x00000124ff09c010 flushing  nmethod 0x0000012480537990
Event: 675.112 Thread 0x00000124ff09c010 flushing  nmethod 0x000001248061d910
Event: 675.112 Thread 0x00000124ff09c010 flushing  nmethod 0x000001248082a510
Event: 675.112 Thread 0x00000124ff09c010 flushing  nmethod 0x0000012480cb5d90
Event: 675.112 Thread 0x00000124ff09c010 flushing  nmethod 0x0000012480db3c10
Event: 675.112 Thread 0x00000124ff09c010 flushing  nmethod 0x000001248128a410
Event: 675.112 Thread 0x00000124ff09c010 flushing  nmethod 0x000001248128a810
Event: 675.112 Thread 0x00000124ff09c010 flushing  nmethod 0x000001248128ef10
Event: 675.112 Thread 0x00000124ff09c010 flushing  nmethod 0x0000012481290190
Event: 675.112 Thread 0x00000124ff09c010 flushing  nmethod 0x0000012481291e10
Event: 675.112 Thread 0x00000124ff09c010 flushing  nmethod 0x00000124812c2290
Event: 675.112 Thread 0x00000124ff09c010 flushing  nmethod 0x000001248132e710

Events (20 events):
Event: 652.566 Thread 0x00000124e7c080e0 Thread added: 0x00000125052108e0
Event: 667.007 Thread 0x00000124ff0fa890 Thread added: 0x0000012512bbbad0
Event: 667.338 Thread 0x0000012512bbbad0 Thread exited: 0x0000012512bbbad0
Event: 667.862 Thread 0x00000124ff0cc340 Thread added: 0x0000012512bbbad0
Event: 667.973 Thread 0x0000012512bbbad0 Thread exited: 0x0000012512bbbad0
Event: 671.813 Thread 0x00000124ff0fa890 Thread added: 0x0000012512bbfef0
Event: 676.252 Thread 0x0000012512bbfef0 Thread exited: 0x0000012512bbfef0
Event: 719.335 Thread 0x00000124ff0cc340 Thread added: 0x0000012512bc2ea0
Event: 719.337 Thread 0x00000124ff0cc340 Thread added: 0x0000012512bc05c0
Event: 719.751 Thread 0x0000012512bc05c0 Thread exited: 0x0000012512bc05c0
Event: 720.267 Thread 0x0000012512bc2ea0 Thread exited: 0x0000012512bc2ea0
Event: 720.894 Thread 0x00000124ff0fa890 Thread added: 0x0000012512bc2100
Event: 720.968 Thread 0x00000124ff0fa890 Thread added: 0x0000012512bc2ea0
Event: 722.281 Thread 0x0000012512bc2ea0 Thread exited: 0x0000012512bc2ea0
Event: 722.756 Thread 0x0000012512bc2100 Thread exited: 0x0000012512bc2100
Event: 724.761 Thread 0x00000124ff0fa890 Thread added: 0x0000012512bc05c0
Event: 724.996 Thread 0x0000012512bc05c0 Thread added: 0x0000012512bbf820
Event: 726.253 Thread 0x0000012512bbf820 Thread exited: 0x0000012512bbf820
Event: 726.588 Thread 0x0000012512bc05c0 Thread exited: 0x0000012512bc05c0
Event: 730.078 Thread 0x000001250520cdd0 Thread exited: 0x000001250520cdd0


Dynamic libraries:
0x00007ff6dea10000 - 0x00007ff6dea1e000 	C:\Program Files\Eclipse Adoptium\jdk-21.0.5.11-hotspot\bin\java.exe
0x00007fff349e0000 - 0x00007fff34c48000 	C:\WINDOWS\SYSTEM32\ntdll.dll
0x00007fff33fb0000 - 0x00007fff34079000 	C:\WINDOWS\System32\KERNEL32.DLL
0x00007fff32320000 - 0x00007fff32712000 	C:\WINDOWS\System32\KERNELBASE.dll
0x00007fff31d80000 - 0x00007fff31ecb000 	C:\WINDOWS\System32\ucrtbase.dll
0x00007ffef3370000 - 0x00007ffef338e000 	C:\Program Files\Eclipse Adoptium\jdk-21.0.5.11-hotspot\bin\VCRUNTIME140.dll
0x00007ffef9bf0000 - 0x00007ffef9c08000 	C:\Program Files\Eclipse Adoptium\jdk-21.0.5.11-hotspot\bin\jli.dll
0x00007fff32cf0000 - 0x00007fff32eb5000 	C:\WINDOWS\System32\USER32.dll
0x00007fff15b40000 - 0x00007fff15dd3000 	C:\WINDOWS\WinSxS\amd64_microsoft.windows.common-controls_6595b64144ccf1df_6.0.26100.6899_none_3e0efeeae32e88c1\COMCTL32.dll
0x00007fff32170000 - 0x00007fff32197000 	C:\WINDOWS\System32\win32u.dll
0x00007fff327b0000 - 0x00007fff327db000 	C:\WINDOWS\System32\GDI32.dll
0x00007fff31ed0000 - 0x00007fff31ffd000 	C:\WINDOWS\System32\gdi32full.dll
0x00007fff31b70000 - 0x00007fff31c13000 	C:\WINDOWS\System32\msvcp_win.dll
0x00007fff34320000 - 0x00007fff343c9000 	C:\WINDOWS\System32\msvcrt.dll
0x00007fff330e0000 - 0x00007fff3310f000 	C:\WINDOWS\System32\IMM32.DLL
0x00007ffef9be0000 - 0x00007ffef9bec000 	C:\Program Files\Eclipse Adoptium\jdk-21.0.5.11-hotspot\bin\vcruntime140_1.dll
0x00007ffeb4db0000 - 0x00007ffeb4e3d000 	C:\Program Files\Eclipse Adoptium\jdk-21.0.5.11-hotspot\bin\msvcp140.dll
0x00007ffe826d0000 - 0x00007ffe8345f000 	C:\Program Files\Eclipse Adoptium\jdk-21.0.5.11-hotspot\bin\server\jvm.dll
0x00007fff34670000 - 0x00007fff34724000 	C:\WINDOWS\System32\ADVAPI32.dll
0x00007fff33f00000 - 0x00007fff33fa6000 	C:\WINDOWS\System32\sechost.dll
0x00007fff34540000 - 0x00007fff34658000 	C:\WINDOWS\System32\RPCRT4.dll
0x00007fff34460000 - 0x00007fff344d4000 	C:\WINDOWS\System32\WS2_32.dll
0x00007fff319d0000 - 0x00007fff31a2e000 	C:\WINDOWS\SYSTEM32\POWRPROF.dll
0x00007fff29440000 - 0x00007fff29475000 	C:\WINDOWS\SYSTEM32\WINMM.dll
0x00007fff1a760000 - 0x00007fff1a76b000 	C:\WINDOWS\SYSTEM32\VERSION.dll
0x00007fff319b0000 - 0x00007fff319c4000 	C:\WINDOWS\SYSTEM32\UMPDC.dll
0x00007fff30860000 - 0x00007fff3087b000 	C:\WINDOWS\SYSTEM32\kernel.appcore.dll
0x00007ffef7090000 - 0x00007ffef709a000 	C:\Program Files\Eclipse Adoptium\jdk-21.0.5.11-hotspot\bin\jimage.dll
0x00007fff2ed30000 - 0x00007fff2ef72000 	C:\WINDOWS\SYSTEM32\DBGHELP.DLL
0x00007fff33120000 - 0x00007fff3349b000 	C:\WINDOWS\System32\combase.dll
0x00007fff33000000 - 0x00007fff330d7000 	C:\WINDOWS\System32\OLEAUT32.dll
0x00007fff287e0000 - 0x00007fff2881c000 	C:\WINDOWS\SYSTEM32\dbgcore.DLL
0x00007fff31ce0000 - 0x00007fff31d78000 	C:\WINDOWS\System32\bcryptPrimitives.dll
0x00007ffef5910000 - 0x00007ffef591f000 	C:\Program Files\Eclipse Adoptium\jdk-21.0.5.11-hotspot\bin\instrument.dll
0x00007ffef0920000 - 0x00007ffef093f000 	C:\Program Files\Eclipse Adoptium\jdk-21.0.5.11-hotspot\bin\java.dll
0x00007fff33730000 - 0x00007fff33e7d000 	C:\WINDOWS\System32\SHELL32.dll
0x00007fff32000000 - 0x00007fff3216b000 	C:\WINDOWS\System32\wintypes.dll
0x00007fff2f780000 - 0x00007fff2ffdd000 	C:\WINDOWS\SYSTEM32\windows.storage.dll
0x00007fff34890000 - 0x00007fff34982000 	C:\WINDOWS\System32\SHCORE.dll
0x00007fff32ed0000 - 0x00007fff32f32000 	C:\WINDOWS\System32\shlwapi.dll
0x00007fff31a90000 - 0x00007fff31ab9000 	C:\WINDOWS\SYSTEM32\profapi.dll
0x00007ffeab310000 - 0x00007ffeab3e7000 	C:\Program Files\Eclipse Adoptium\jdk-21.0.5.11-hotspot\bin\jsvml.dll
0x00007ffef3bc0000 - 0x00007ffef3bd8000 	C:\Program Files\Eclipse Adoptium\jdk-21.0.5.11-hotspot\bin\zip.dll
0x00007ffef5880000 - 0x00007ffef5890000 	C:\Program Files\Eclipse Adoptium\jdk-21.0.5.11-hotspot\bin\net.dll
0x00007fff23440000 - 0x00007fff2355f000 	C:\WINDOWS\SYSTEM32\WINHTTP.dll
0x00007fff30e50000 - 0x00007fff30ebb000 	C:\WINDOWS\system32\mswsock.dll
0x00007ffef3ba0000 - 0x00007ffef3bb6000 	C:\Program Files\Eclipse Adoptium\jdk-21.0.5.11-hotspot\bin\nio.dll
0x00007ffef3100000 - 0x00007ffef3110000 	C:\Program Files\Eclipse Adoptium\jdk-21.0.5.11-hotspot\bin\verify.dll
0x00007fff08940000 - 0x00007fff08967000 	C:\Users\LENOVO\.gradle\native\1def1411415f61bf3af743bc5b6707747c0891f09f0c88961ee8f79bc544acac\windows-amd64\native-platform.dll
0x000000006ce20000 - 0x000000006ce93000 	C:\Users\LENOVO\.gradle\native\0.2.5\x86_64-windows-gnu\gradle-fileevents.dll
0x00007ffef0910000 - 0x00007ffef091a000 	C:\Program Files\Eclipse Adoptium\jdk-21.0.5.11-hotspot\bin\management.dll
0x00007ffef0900000 - 0x00007ffef090b000 	C:\Program Files\Eclipse Adoptium\jdk-21.0.5.11-hotspot\bin\management_ext.dll
0x00007fff32ec0000 - 0x00007fff32ec8000 	C:\WINDOWS\System32\PSAPI.DLL
0x00007fff31230000 - 0x00007fff3124b000 	C:\WINDOWS\SYSTEM32\CRYPTSP.dll
0x00007fff30880000 - 0x00007fff308bb000 	C:\WINDOWS\system32\rsaenh.dll
0x00007fff30ef0000 - 0x00007fff30f1b000 	C:\WINDOWS\SYSTEM32\USERENV.dll
0x00007fff31a60000 - 0x00007fff31a86000 	C:\WINDOWS\SYSTEM32\bcrypt.dll
0x00007fff31090000 - 0x00007fff3109c000 	C:\WINDOWS\SYSTEM32\CRYPTBASE.dll
0x00007fff30450000 - 0x00007fff30484000 	C:\WINDOWS\SYSTEM32\IPHLPAPI.DLL
0x00007fff34660000 - 0x00007fff3466a000 	C:\WINDOWS\System32\NSI.dll
0x00007ffef08f0000 - 0x00007ffef08f9000 	C:\Program Files\Eclipse Adoptium\jdk-21.0.5.11-hotspot\bin\extnet.dll
0x00007fff10500000 - 0x00007fff1050e000 	C:\Program Files\Eclipse Adoptium\jdk-21.0.5.11-hotspot\bin\sunmscapi.dll
0x00007fff321a0000 - 0x00007fff32317000 	C:\WINDOWS\System32\CRYPT32.dll
0x00007fff31380000 - 0x00007fff313b0000 	C:\WINDOWS\SYSTEM32\ncrypt.dll
0x00007fff31330000 - 0x00007fff3136f000 	C:\WINDOWS\SYSTEM32\NTASN1.dll
0x00007fff05ae0000 - 0x00007fff05ae8000 	C:\WINDOWS\system32\wshunix.dll
0x000000006cca0000 - 0x000000006cd13000 	C:\Users\LENOVO\AppData\Local\Temp\native-platform15376060154881968754dir\gradle-fileevents.dll
0x00007fff0bbc0000 - 0x00007fff0bbd8000 	C:\WINDOWS\system32\napinsp.dll
0x00007fff30490000 - 0x00007fff305b6000 	C:\WINDOWS\SYSTEM32\DNSAPI.dll
0x00007fff0bba0000 - 0x00007fff0bbb2000 	C:\WINDOWS\System32\winrnr.dll
0x00007fff0bb70000 - 0x00007fff0bb98000 	C:\WINDOWS\system32\nlansp_c.dll
0x00007fff221d0000 - 0x00007fff221e6000 	C:\WINDOWS\system32\wshbth.dll
0x00007fff28820000 - 0x00007fff2882b000 	C:\Windows\System32\rasadhlp.dll
0x00007fff2afd0000 - 0x00007fff2b056000 	C:\WINDOWS\System32\fwpuclnt.dll

dbghelp: loaded successfully - version: 4.0.5 - missing functions: none
symbol engine: initialized successfully - sym options: 0x614 - pdb path: .;C:\Program Files\Eclipse Adoptium\jdk-21.0.5.11-hotspot\bin;C:\WINDOWS\SYSTEM32;C:\WINDOWS\WinSxS\amd64_microsoft.windows.common-controls_6595b64144ccf1df_6.0.26100.6899_none_3e0efeeae32e88c1;C:\Program Files\Eclipse Adoptium\jdk-21.0.5.11-hotspot\bin\server;C:\Users\LENOVO\.gradle\native\1def1411415f61bf3af743bc5b6707747c0891f09f0c88961ee8f79bc544acac\windows-amd64;C:\Users\LENOVO\.gradle\native\0.2.5\x86_64-windows-gnu;C:\Users\LENOVO\AppData\Local\Temp\native-platform15376060154881968754dir

VM Arguments:
jvm_args: --add-opens=java.base/java.lang=ALL-UNNAMED --add-opens=java.base/java.lang.invoke=ALL-UNNAMED --add-opens=java.base/java.util=ALL-UNNAMED --add-opens=java.prefs/java.util.prefs=ALL-UNNAMED --add-exports=jdk.compiler/com.sun.tools.javac.api=ALL-UNNAMED --add-exports=jdk.compiler/com.sun.tools.javac.util=ALL-UNNAMED --add-opens=java.base/java.util=ALL-UNNAMED --add-opens=java.prefs/java.util.prefs=ALL-UNNAMED --add-opens=java.base/java.nio.charset=ALL-UNNAMED --add-opens=java.base/java.net=ALL-UNNAMED --add-opens=java.base/java.util.concurrent.atomic=ALL-UNNAMED --add-opens=java.xml/javax.xml.namespace=ALL-UNNAMED -XX:MaxMetaspaceSize=4G -XX:ReservedCodeCacheSize=512m -XX:+HeapDumpOnOutOfMemoryError -Xmx8G -Dfile.encoding=UTF-8 -Duser.country=US -Duser.language=en -Duser.variant -javaagent:C:\Users\LENOVO\.gradle\wrapper\dists\gradle-8.12-all\ejduaidbjup3bmmkhw3rie4zb\gradle-8.12\lib\agents\gradle-instrumentation-agent-8.12.jar 
java_command: org.gradle.launcher.daemon.bootstrap.GradleDaemon 8.12
java_class_path (initial): C:\Users\LENOVO\.gradle\wrapper\dists\gradle-8.12-all\ejduaidbjup3bmmkhw3rie4zb\gradle-8.12\lib\gradle-daemon-main-8.12.jar
Launcher Type: SUN_STANDARD

[Global flags]
     intx CICompilerCount                          = 4                                         {product} {ergonomic}
     uint ConcGCThreads                            = 3                                         {product} {ergonomic}
     uint G1ConcRefinementThreads                  = 10                                        {product} {ergonomic}
   size_t G1HeapRegionSize                         = 4194304                                   {product} {ergonomic}
    uintx GCDrainStackTargetSize                   = 64                                        {product} {ergonomic}
     bool HeapDumpOnOutOfMemoryError               = true                                   {manageable} {command line}
   size_t InitialHeapSize                          = 130023424                                 {product} {ergonomic}
   size_t MarkStackSize                            = 4194304                                   {product} {ergonomic}
   size_t MaxHeapSize                              = 8589934592                                {product} {command line}
   size_t MaxMetaspaceSize                         = 4294967296                                {product} {command line}
   size_t MaxNewSize                               = 5150605312                                {product} {ergonomic}
   size_t MinHeapDeltaBytes                        = 4194304                                   {product} {ergonomic}
   size_t MinHeapSize                              = 8388608                                   {product} {ergonomic}
    uintx NonNMethodCodeHeapSize                   = 5839372                                {pd product} {ergonomic}
    uintx NonProfiledCodeHeapSize                  = 265515770                              {pd product} {ergonomic}
    uintx ProfiledCodeHeapSize                     = 265515770                              {pd product} {ergonomic}
    uintx ReservedCodeCacheSize                    = 536870912                              {pd product} {command line}
     bool SegmentedCodeCache                       = true                                      {product} {ergonomic}
   size_t SoftMaxHeapSize                          = 8589934592                             {manageable} {ergonomic}
     bool UseCompressedOops                        = true                           {product lp64_product} {ergonomic}
     bool UseG1GC                                  = true                                      {product} {ergonomic}
     bool UseLargePagesIndividualAllocation        = false                                  {pd product} {ergonomic}

Logging:
Log output configuration:
 #0: stdout all=warning uptime,level,tags foldmultilines=false
 #1: stderr all=off uptime,level,tags foldmultilines=false

Environment Variables:
PATH=C:\Program Files (x86)\VMware\VMware Player\bin\;C:\Program Files (x86)\oh-my-posh\bin\;C:\Program Files\Eclipse Adoptium\jdk-21.0.5.11-hotspot\bin;C:\WINDOWS\system32;C:\WINDOWS;C:\WINDOWS\System32\Wbem;C:\WINDOWS\System32\WindowsPowerShell\v1.0\;C:\WINDOWS\System32\OpenSSH\;C:\Program Files\dotnet\;C:\Program Files\PuTTY\;C:\Program Files\nodejs\;C:\Gradle\gradle-8.12\bin;C:\Program Files\oh-my-posh;C:\ProgramData\chocolatey\bin;C:\Program Files\Git\cmd;C:\Program Files\MySQL\MySQL Shell 8.0\bin\;C:\Users\LENOVO\AppData\Local\Programs\Python\Python313\Scripts\;C:\Users\LENOVO\AppData\Local\Programs\Python\Python313\;C:\Users\LENOVO\AppData\Local\Programs\Python\Launcher\;C:\Users\LENOVO\AppData\Local\BraveSoftware\Brave-Browser\Application;C:\Program Files (x86)\VMware\VMware Player\bin\;C:\Program Files (x86)\oh-my-posh\bin\;C:\Program Files\Eclipse Adoptium\jdk-21.0.5.11-hotspot\bin;C:\WINDOWS\system32;C:\WINDOWS;C:\WINDOWS\System32\Wbem;C:\WINDOWS\System32\WindowsPowerShell\v1.0\;C:\WINDOWS\System32\OpenSSH\;C:\Program Files\dotnet\;C:\Program Files\PuTTY\;C:\Program Files\Git\cmd;C:\Program Files\nodejs\;C:\Gradle\gradle-8.12\bin;C:\Program Files\oh-my-posh;C:\ProgramData\chocolatey\bin;C:\Program Files\MySQL\MySQL Shell 8.0\bin\;C:\Users\LENOVO\AppData\Local\Programs\Python\Python313\Scripts\;C:\Users\LENOVO\AppData\Local\Programs\Python\Python313\;C:\Users\LENOVO\AppData\Local\Programs\Python\Launcher\;C:\Program Files (x86)\VMware\VMware Player\bin\;C;C:\Users\LENOVO\AppData\Local\Programs\Microsoft VS Code\bin;C:\dev\flutter\bin;C:\Users\LENOVO\AppData\Local\Python\bin
USERNAME=LENOVO
OS=Windows_NT
PROCESSOR_IDENTIFIER=Intel64 Family 6 Model 154 Stepping 4, GenuineIntel
TMP=C:\Users\LENOVO\AppData\Local\Temp
TEMP=C:\Users\LENOVO\AppData\Local\Temp




Periodic native trim disabled

---------------  S Y S T E M  ---------------

OS:
 Windows 11 , 64 bit Build 26100 (10.0.26100.6725)
OS uptime: 6 days 14:58 hours
Hyper-V role detected

CPU: total 12 (initial active 12) (6 cores per cpu, 2 threads per core) family 6 model 154 stepping 4 microcode 0x42a, cx8, cmov, fxsr, ht, mmx, 3dnowpref, sse, sse2, sse3, ssse3, sse4.1, sse4.2, popcnt, lzcnt, tsc, tscinvbit, avx, avx2, aes, erms, clmul, bmi1, bmi2, adx, sha, fma, vzeroupper, clflush, clflushopt, clwb, hv, serialize, rdtscp, rdpid, fsrm, f16c, cet_ibt, cet_ss
Processor Information for processor 0
  Max Mhz: 1300, Current Mhz: 1300, Mhz Limit: 1300
Processor Information for processor 1
  Max Mhz: 1300, Current Mhz: 1300, Mhz Limit: 1300
Processor Information for processor 2
  Max Mhz: 1300, Current Mhz: 1300, Mhz Limit: 1300
Processor Information for processor 3
  Max Mhz: 1300, Current Mhz: 1300, Mhz Limit: 1300
Processor Information for processor 4
  Max Mhz: 1300, Current Mhz: 900, Mhz Limit: 897
Processor Information for processor 5
  Max Mhz: 1300, Current Mhz: 900, Mhz Limit: 897
Processor Information for processor 6
  Max Mhz: 1300, Current Mhz: 900, Mhz Limit: 897
Processor Information for processor 7
  Max Mhz: 1300, Current Mhz: 900, Mhz Limit: 897
Processor Information for processor 8
  Max Mhz: 1300, Current Mhz: 900, Mhz Limit: 897
Processor Information for processor 9
  Max Mhz: 1300, Current Mhz: 900, Mhz Limit: 897
Processor Information for processor 10
  Max Mhz: 1300, Current Mhz: 900, Mhz Limit: 897
Processor Information for processor 11
  Max Mhz: 1300, Current Mhz: 900, Mhz Limit: 897

Memory: 4k page, system-wide physical 7900M (383M free)
TotalPageFile size 32476M (AvailPageFile size 426M)
current process WorkingSet (physical memory assigned to process): 319M, peak: 451M
current process commit charge ("private bytes"): 745M, peak: 1225M

vm_info: OpenJDK 64-Bit Server VM (21.0.5+11-LTS) for windows-amd64 JRE (21.0.5+11-LTS), built on 2024-10-15T00:00:00Z by "admin" with MS VC++ 17.7 (VS2022)

END.
